
Gurobi 12.0.0 (win64) logging started Mon May  4 21:26:56 2026

Set parameter LogFile to value "C:\Users\Asus\Documents\GitHub\logistics-model2\internal-logistics-model2\results\MR_MV_WT\case2\result_MR_MV_WT_case2_P10_R3_eps9999_2026_05_04_21_26.log"
Gurobi Optimizer version 12.0.0 build v12.0.0rc1 (win64 - Windows 10.0 (19045.2))

CPU model: 12th Gen Intel(R) Core(TM) i7-12650H, instruction set [SSE2|AVX|AVX2]
Thread count: 10 physical cores, 16 logical processors, using up to 16 threads

Non-default parameters:
TimeLimit  600
MIPGap  0.01
Presolve  2

Optimize a model with 24692 rows, 7327 columns and 125772 nonzeros
Model fingerprint: 0x411bffe6
Variable types: 1162 continuous, 6165 integer (5940 binary)
Coefficient statistics:
  Matrix range     [1e+00, 5e+02]
  Objective range  [1e-03, 1e+00]
  Bounds range     [1e+00, 3e+01]
  RHS range        [1e+00, 1e+04]
Presolve removed 18198 rows and 5304 columns
Presolve time: 0.22s
Presolved: 6494 rows, 2023 columns, 43809 nonzeros
Variable types: 475 continuous, 1548 integer (1440 binary)
Root relaxation presolve removed 33 rows and 0 columns
Root relaxation presolved: 6461 rows, 2047 columns, 43545 nonzeros


Root relaxation: objective 0.000000e+00, 708 iterations, 0.06 seconds (0.11 work units)

    Nodes    |    Current Node    |     Objective Bounds      |     Work
 Expl Unexpl |  Obj  Depth IntInf | Incumbent    BestBd   Gap | It/Node Time

     0     0    0.00000    0   97          -    0.00000      -     -    0s
     0     0    0.00000    0  132          -    0.00000      -     -    0s
     0     0    0.00000    0  133          -    0.00000      -     -    0s
     0     0    0.00000    0   84          -    0.00000      -     -    1s
     0     0    0.00000    0   87          -    0.00000      -     -    1s
     0     0    3.02725    0   97          -    3.02725      -     -    1s
     0     0    9.00898    0   97          -    9.00898      -     -    1s
     0     0   12.00000    0  132          -   12.00000      -     -    1s
     0     0   12.00000    0  124          -   12.00000      -     -    1s
     0     0   19.50905    0  149          -   19.50905      -     -    1s
     0     0   19.51711    0  151          -   19.51711      -     -    1s
     0     0   19.51711    0  144          -   19.51711      -     -    1s
     0     0   30.00000    0  244          -   30.00000      -     -    1s
     0     0   30.00000    0  115          -   30.00000      -     -    1s
H    0     0                     387.2650000   30.00000  92.3%     -    1s
H    0     0                     380.2620000   30.00000  92.1%     -    1s
H    0     0                     347.2560000   30.00000  91.4%     -    1s
     0     0   30.00000    0  198  347.25600   30.00000  91.4%     -    1s
     0     0   30.00000    0  124  347.25600   30.00000  91.4%     -    2s
H    0     0                     340.2560000   30.00000  91.2%     -    2s
H    0     0                     336.2560000   30.00000  91.1%     -    2s
H    0     0                     327.2530000   30.00000  90.8%     -    2s
H    0     0                     307.2530000   30.00000  90.2%     -    2s
H    0     0                     307.2520000   30.00000  90.2%     -    2s
H    0     0                     277.2550000   30.00000  89.2%     -    2s
H    0     0                     199.2280000   30.00000  84.9%     -    2s
H    0     0                     197.2330000   30.00000  84.8%     -    2s
H    0     0                     159.2160000   30.00000  81.2%     -    2s
     0     0   30.00000    0  114  159.21600   30.00000  81.2%     -    2s
H    0     0                     133.2160000   30.00000  77.5%     -    2s
H    0     0                     126.2090000   30.00000  76.2%     -    2s
     0     0   30.00000    0  133  126.20900   30.00000  76.2%     -    2s
H    0     0                     122.2100000   30.00000  75.5%     -    2s
     0     0   30.00000    0  104  122.21000   30.00000  75.5%     -    3s
     0     0   30.00000    0   76  122.21000   30.00000  75.5%     -    3s
     0     0   30.00000    0   77  122.21000   30.00000  75.5%     -    3s
     0     0   30.00000    0   96  122.21000   30.00000  75.5%     -    3s
     0     0   30.00000    0   88  122.21000   30.00000  75.5%     -    4s
     0     0   30.00000    0   88  122.21000   30.00000  75.5%     -    4s
     0     2   30.00000    0   88  122.21000   30.00000  75.5%     -    4s
    57   179   30.00000    9   87  122.21000   30.00000  75.5%   254    5s
H  541   572                     114.2020000   30.00000  73.7%   102    5s
H 1769  1237                     109.1960000   30.00000  72.5%  52.7    7s
  2307  1500   38.04000   29   75  109.19600   30.00000  72.5%  49.2   10s
H 2310  1426                     102.1890000   30.00000  70.6%  49.1   12s
  2321  1433   52.00022   30  110  102.18900   30.00000  70.6%  48.9   15s
  2427  1520   30.03900   19   64  102.18900   30.00000  70.6%  87.9   20s
  2691  1828   30.03900   31   98  102.18900   30.00000  70.6%  96.4   25s
  4738  2562   40.05582   85   75  102.18900   30.00000  70.6%   111   30s
  6934  3001   82.02859   50   86  102.18900   30.00000  70.6%   106   35s
  9632  4641   61.00011   33   52  102.18900   30.00000  70.6%   105   40s
 10852  5183   86.11820   32   69  102.18900   30.00000  70.6%   109   45s
 14569  7030   30.00418   35   80  102.18900   30.00000  70.6%   108   50s
 16461  8025   54.06483   32   88  102.18900   30.00000  70.6%   110   55s
 20819 10249   69.45779   31   59  102.18900   30.00000  70.6%   109   60s
 21644 10740 infeasible   60       102.18900   30.00000  70.6%   110   65s
 25639 12575   51.06733   35   92  102.18900   30.00000  70.6%   109   70s
 28687 13876   35.00023   35   94  102.18900   30.00000  70.6%   109   75s
 32187 15612   57.00316   32   57  102.18900   30.00000  70.6%   109   80s
 32930 16943   60.00063   44  101  102.18900   30.00000  70.6%   109   94s
 35569 17179   82.00434   34   64  102.18900   30.00000  70.6%   107   95s
 36574 17506   30.00019   46   76  102.18900   30.00000  70.6%   108  100s
 38672 18705   74.73160   47   57  102.18900   30.00000  70.6%   108  105s
 41091 20570 infeasible   44       102.18900   30.00000  70.6%   108  110s
 44964 21494   55.00011   32   77  102.18900   30.00000  70.6%   107  115s
H45032 21618                     100.1890000   30.00000  70.1%   107  119s
 45373 22078   58.26946   34   85  100.18900   30.00000  70.1%   107  121s
 48091 23327     cutoff   56       100.18900   30.00000  70.1%   108  125s
 49533 24044   55.00150   49   61  100.18900   30.00000  70.1%   108  131s
 51415 24882   66.01774   39   76  100.18900   30.00000  70.1%   109  135s
 54804 27290   58.05500   71   24  100.18900   30.00000  70.1%   110  142s
 58592 28166   54.58057   42   91  100.18900   30.00000  70.1%   109  145s
 60370 28920 infeasible   33       100.18900   30.00000  70.1%   109  151s
 62229 30540   84.07804   60   63  100.18900   30.00000  70.1%   109  155s
 65884 32523   68.39900   29   57  100.18900   30.00000  70.1%   109  161s
 70107 33552   88.11931   36   62  100.18900   30.00000  70.1%   108  165s
 73754 35609 infeasible   64       100.18900   30.00000  70.1%   108  171s
 74814 35864   83.65500   37   68  100.18900   30.00000  70.1%   108  175s
H75260 35790                      95.1890000   30.00000  68.5%   108  176s
 77523 36780   92.07691   25   83   95.18900   30.00000  68.5%   109  181s
 80859 38477   71.06900   37   58   95.18900   30.00000  68.5%   109  186s
 83324 39847 infeasible   56        95.18900   30.00000  68.5%   108  190s
 85208 41323   32.81419   54   70   95.18900   30.00000  68.5%   109  195s
 88969 43030   79.23495   63   47   95.18900   30.00000  68.5%   109  201s
 90949 43161     cutoff   35        95.18900   30.00000  68.5%   109  205s
 92592 44154   41.05500   54   62   95.18900   30.00000  68.5%   110  210s
 94829 45070 infeasible   62        95.18900   30.00000  68.5%   111  215s
 96187 45343   58.82083   43   80   95.18900   30.00000  68.5%   112  221s
 96808 46034   63.36533   46   70   95.18900   30.00000  68.5%   112  227s
 97931 46654 infeasible   54        95.18900   30.00000  68.5%   113  231s
 100145 47408     cutoff   56        95.18900   30.00000  68.5%   113  236s
 101115 47679   66.19917   60   98   95.18900   30.00000  68.5%   114  241s
 103153 48796   30.00265   49   78   95.18900   30.00000  68.5%   114  247s
 105504 49651   35.17237   56   78   95.18900   30.00000  68.5%   115  252s
 107474 50641     cutoff   43        95.18900   30.00000  68.5%   115  257s
 109632 52028   60.90620   60   89   95.18900   30.00000  68.5%   116  262s
 112227 52877   52.10748   61   94   95.18900   30.00000  68.5%   117  267s
 113304 53341   80.09398   61   65   95.18900   30.00000  68.5%   117  271s
 115075 54401   30.00000   47   85   95.18900   30.00000  68.5%   118  277s
 116266 55710   39.22863   65   70   95.18900   30.00000  68.5%   118  280s
 119733 56604   38.01189   69  100   95.18900   30.00000  68.5%   118  285s
 123449 58185   40.31579   56   69   95.18900   30.00000  68.5%   118  291s
 124824 58578   30.66720   53  100   95.18900   30.00000  68.5%   118  295s
 126644 59620   48.00000   54   72   95.18900   30.00000  68.5%   119  301s
 128404 60394   69.68948   75   76   95.18900   30.00000  68.5%   119  305s
 131231 61364   60.00007   60  121   95.18900   30.00000  68.5%   119  310s
 131659 61719   60.00044   62  102   95.18900   30.00000  68.5%   120  315s
 134020 62842   31.00281   43   86   95.18900   30.00000  68.5%   120  321s
 136090 63370   49.93313   47   78   95.18900   30.00000  68.5%   121  326s
 136104 67585   53.27084   47   54   95.18900   30.00000  68.5%   121  359s
 142104 67585   48.17865   84   87   95.18900   30.00000  68.5%   122  360s
 147388 68344   30.00050   84  101   95.18900   30.00000  68.5%   122  365s
 148217 68911   61.05500   87   74   95.18900   30.00000  68.5%   122  372s
 149283 69513   38.01456   79   97   95.18900   30.00000  68.5%   122  376s
 150957 69734   57.25716   74   77   95.18900   30.00000  68.5%   123  383s
 151110 70196   57.25716   75   78   95.18900   30.00000  68.5%   123  386s
 152452 70607   82.00415   73   79   95.18900   30.00000  68.5%   123  390s
 154522 71610   30.00014   74  103   95.18900   30.00000  68.5%   123  396s
 156754 72150   30.47302   99   89   95.18900   30.00000  68.5%   123  401s
 157528 72807   86.23755   75   72   95.18900   30.00000  68.5%   123  407s
 158520 73259   30.00000   38   74   95.18900   30.00000  68.5%   124  410s
 160613 74364   30.00000   82   71   95.18900   30.00000  68.5%   124  416s
 162890 75313 infeasible  106        95.18900   30.00000  68.5%   124  423s
 164237 75835   39.67531   93   59   95.18900   30.00000  68.5%   124  426s
 166203 76696   30.00000   78   91   95.18900   30.00000  68.5%   125  432s
 167079 77214 infeasible   86        95.18900   30.00000  68.5%   125  435s
 169748 78520   30.95252   68  107   95.18900   30.00000  68.5%   125  442s
 171093 78786 infeasible   67        95.18900   30.00000  68.5%   125  445s
 173054 79712   30.00000   56   79   95.18900   30.00000  68.5%   124  450s
 175090 80939   30.45633   84   96   95.18900   30.00000  68.5%   124  455s
 176918 81383   51.00000   50   83   95.18900   30.00000  68.5%   124  461s
 177998 82086   56.00075   52   76   95.18900   30.00000  68.5%   124  467s
 179848 83037   30.64116   72  131   95.18900   30.00000  68.5%   125  472s
 180790 83440 infeasible   56        95.18900   30.00000  68.5%   125  475s
 182650 84312     cutoff   91        95.18900   30.00000  68.5%   125  480s
 185732 85842 infeasible   66        95.18900   30.00000  68.5%   125  486s
 187587 87533   65.00119   63   81   95.18900   30.00000  68.5%   125  492s
 190472 87930   44.00011   60  122   95.18900   30.00000  68.5%   125  496s
 190664 87969 infeasible   69        95.18900   30.00000  68.5%   125  500s
 190834 88088   45.00038   67   81   95.18900   30.00000  68.5%   125  506s
 191041 88271   45.00038   69   80   95.18900   30.00000  68.5%   125  510s
 192044 89152   67.00595   71   64   95.18900   30.00000  68.5%   125  516s
 193642 90026   49.01388   83  120   95.18900   30.00000  68.5%   126  522s
 194698 90279   50.05700   76   31   95.18900   30.00000  68.5%   126  525s
 196071 91149   30.00501   63   70   95.18900   30.00000  68.5%   126  531s
 197268 91620 infeasible   60        95.18900   30.00000  68.5%   126  535s
 199405 92629   41.05873   58   93   95.18900   30.00000  68.5%   127  541s
 200558 92995   38.06461   73   91   95.18900   30.00000  68.5%   127  545s
 202359 93883   30.00000   61   96   95.18900   30.00000  68.5%   127  551s
 203711 94852   52.20862   61   63   95.18900   30.00000  68.5%   127  558s
 205146 95372   53.06879   61  101   95.18900   30.00000  68.5%   127  562s
 206287 95872   46.08474   77   71   95.18900   30.00000  68.5%   127  565s
 208135 96757   30.01374   75   79   95.18900   30.00000  68.5%   128  572s
 209228 96785   51.05094   61   85   95.18900   30.00000  68.5%   128  575s
 209751 97497   51.05094   63   90   95.18900   30.00000  68.5%   128  581s
 210836 98048   57.00000   70   64   95.18900   30.00000  68.5%   128  585s
 213244 99125 infeasible   56        95.18900   30.00000  68.5%   128  592s
 214245 99621   34.28968   70  104   95.18900   30.00000  68.5%   128  595s
 217075 100701   30.00000   75   99   95.18900   30.00000  68.5%   128  600s

Cutting planes:
  Learned: 144
  Gomory: 15
  Cover: 287
  Implied bound: 564
  Projected implied bound: 25
  Clique: 25
  MIR: 466
  Mixing: 12
  StrongCG: 21
  Flow cover: 2480
  Inf proof: 75
  Zero half: 17
  RLT: 223
  Relax-and-lift: 169
  BQP: 5
  PSD: 2

Explored 217234 nodes (27965149 simplex iterations) in 600.09 seconds (701.63 work units)
Thread count was 16 (of 16 available processors)

Solution count 10: 95.189 100.189 102.189 ... 197.233

Time limit reached
Best objective 9.518900000000e+01, best bound 3.000000002742e+01, gap 68.4838%
