
Gurobi 12.0.0 (win64) logging started Wed May 13 21:37:22 2026

Set parameter LogFile to value "C:\Users\Asus\Documents\GitHub\internal-logistics-model2\internal-logistics-model2\results\SR_SV_RD\case1\result_SR_SV_RD_case1_P10_eps9999_2026_05_13_21_37.log"
Gurobi Optimizer version 12.0.0 build v12.0.0rc1 (win64 - Windows 10.0 (19045.2))

CPU model: 12th Gen Intel(R) Core(TM) i7-12650H, instruction set [SSE2|AVX|AVX2]
Thread count: 10 physical cores, 16 logical processors, using up to 16 threads

Non-default parameters:
TimeLimit  1200
MIPGap  0.01
Presolve  2

Optimize a model with 2048 rows, 563 columns and 10525 nonzeros
Model fingerprint: 0xdf786db6
Variable types: 113 continuous, 450 integer (430 binary)
Coefficient statistics:
  Matrix range     [1e+00, 5e+02]
  Objective range  [1e-03, 1e+00]
  Bounds range     [1e+00, 5e+02]
  RHS range        [1e+00, 1e+04]
Presolve removed 315 rows and 102 columns
Presolve time: 0.05s
Presolved: 1733 rows, 461 columns, 16427 nonzeros
Variable types: 51 continuous, 410 integer (390 binary)
Root relaxation presolve removed 1 rows and 0 columns
Root relaxation presolved: 1732 rows, 461 columns, 16407 nonzeros


Root relaxation: objective 9.209954e+01, 295 iterations, 0.03 seconds (0.04 work units)

    Nodes    |    Current Node    |     Objective Bounds      |     Work
 Expl Unexpl |  Obj  Depth IntInf | Incumbent    BestBd   Gap | It/Node Time

     0     0   92.09954    0   49          -   92.09954      -     -    0s
H    0     0                     158.7940000   92.09954  42.0%     -    0s
H    0     0                     147.7220000   92.09954  37.7%     -    0s
     0     0   92.32640    0   48  147.72200   92.32640  37.5%     -    0s
     0     0   92.33427    0   44  147.72200   92.33427  37.5%     -    0s
     0     0   93.21366    0   50  147.72200   93.21366  36.9%     -    0s
     0     0   93.37246    0   58  147.72200   93.37246  36.8%     -    0s
     0     0   93.37246    0   59  147.72200   93.37246  36.8%     -    0s
     0     0   93.37246    0   61  147.72200   93.37246  36.8%     -    0s
     0     0   93.65481    0   53  147.72200   93.65481  36.6%     -    0s
H    0     0                     143.6770000   93.72963  34.8%     -    0s
     0     0   93.72963    0   57  143.67700   93.72963  34.8%     -    0s
     0     0   93.72963    0   53  143.67700   93.72963  34.8%     -    0s
     0     0   93.72963    0   55  143.67700   93.72963  34.8%     -    0s
     0     0   93.72963    0   57  143.67700   93.72963  34.8%     -    0s
     0     0   94.12329    0   54  143.67700   94.12329  34.5%     -    0s
     0     0   94.12329    0   55  143.67700   94.12329  34.5%     -    0s
     0     0   94.12329    0   57  143.67700   94.12329  34.5%     -    0s
     0     0   94.12329    0   53  143.67700   94.12329  34.5%     -    0s
     0     0   94.12329    0   53  143.67700   94.12329  34.5%     -    0s
     0     0   94.12329    0   53  143.67700   94.12329  34.5%     -    0s
     0     0   94.12329    0   52  143.67700   94.12329  34.5%     -    0s
     0     0   94.12329    0   49  143.67700   94.12329  34.5%     -    0s
     0     2   94.15067    0   38  143.67700   94.15067  34.5%     -    0s
H   36    44                     142.6880000   95.93662  32.8%  57.3    0s
H  119   144                     138.6800000   96.67837  30.3%  37.2    0s
H 1675  1469                     136.6580000   97.20449  28.9%  19.8    0s
H 1756  1467                     135.6290000   97.20449  28.3%  20.0    0s
H 2002  1543                     131.5890000   97.20449  26.1%  20.7    1s
H 2068  1511                     131.5820000   97.20449  26.1%  21.0    1s
* 6796  4045              43     127.5150000   97.20449  23.8%  23.7    2s
H 7486  4285                     125.5160000   97.20449  22.6%  23.3    2s
H20857 14459                     124.5020000   97.62379  21.6%  21.2    4s
H20864 17019                     123.4940000   97.62379  20.9%  21.2    5s
H21812 16898                     122.4820000   97.62379  20.3%  21.4    5s
H22523 16768                     121.4880000   97.62379  19.6%  21.5    5s
H24182 16768                     121.4790000   97.67888  19.6%  21.8    5s
H24812 16739                     120.4790000   97.75844  18.9%  21.8    5s
*25375 18064              49     116.4250000   97.75844  16.0%  21.7    6s
 43018 28331  105.68308   49   60  116.42500   98.21595  15.6%  20.5   10s
H43020 26915                     116.4180000   98.21595  15.6%  20.5   10s
H43283 25736                     116.4130000   98.21595  15.6%  20.6   12s
 53185 30167   98.86168   32   38  116.41300   98.21595  15.6%  21.5   15s
 83008 41330  112.02105   56   27  116.41300   98.64446  15.3%  20.9   20s
H115423 50994                     115.3950000   98.94167  14.3%  20.8   24s
 118564 53736  113.27775   55   17  115.39500   98.97546  14.2%  20.8   25s
 158102 78826  102.27195   41   42  115.39500   99.25512  14.0%  20.6   30s
*165844 84227              59     114.4550000   99.27444  13.3%  20.6   31s
 194401 102887     cutoff   63       114.45500   99.35167  13.2%  20.5   35s
 232891 127902  100.94273   39   30  114.45500   99.48336  13.1%  20.4   40s
 265594 149755  105.82605   43   44  114.45500   99.57947  13.0%  20.2   45s
 295763 169532  108.78960   52   33  114.45500   99.65269  12.9%  20.1   50s
 325162 188230  104.12021   52   44  114.45500   99.72109  12.9%  20.1   55s
 353234 206204  100.66381   36   39  114.45500   99.78555  12.8%  20.1   60s
 381231 225924  101.14203   34   42  114.45500   99.84499  12.8%  20.1   65s
 411449 243529  112.54870   40   24  114.45500   99.90546  12.7%  20.1   70s
 443687 262067 infeasible   52       114.45500   99.96781  12.7%  20.0   75s
 469675 280053  107.12993   52   41  114.45500  100.02396  12.6%  20.0   80s
 499136 296225  106.52826   44   21  114.45500  100.08388  12.6%  20.0   85s
 528236 314592  105.34113   50   42  114.45500  100.15091  12.5%  20.0   90s
 559388 332743  105.81842   52   56  114.45500  100.19449  12.5%  19.9   95s
 586642 350449  102.13505   49   48  114.45500  100.22555  12.4%  19.9  100s
 614981 369696  110.60036   51   47  114.45500  100.24805  12.4%  19.9  105s
 641976 388061  101.66612   37   11  114.45500  100.26860  12.4%  19.9  110s
 668412 403919  103.72083   40   32  114.45500  100.28447  12.4%  20.0  115s
 696990 421450 infeasible   55       114.45500  100.30157  12.4%  20.0  120s
 723628 438311  104.65650   53   32  114.45500  100.32005  12.3%  19.9  125s
 748716 455887  108.50170   80   30  114.45500  100.33781  12.3%  19.9  130s
 774454 470177  103.25852   50   38  114.45500  100.35572  12.3%  19.9  135s
 801548 486654     cutoff   79       114.45500  100.37680  12.3%  19.9  140s
 828546 503126 infeasible   66       114.45500  100.39999  12.3%  19.9  145s
 854288 520242  101.18333   34   17  114.45500  100.42438  12.3%  19.9  150s
 880842 536417  104.48453   56   22  114.45500  100.44741  12.2%  19.8  155s
 906056 551983  107.14301   54   37  114.45500  100.47041  12.2%  19.8  160s
 932724 568456  105.25442   45   32  114.45500  100.49285  12.2%  19.8  165s
 959434 584047  114.11928   62   32  114.45500  100.51482  12.2%  19.8  170s
 982815 600718  109.49349   74   35  114.45500  100.53265  12.2%  19.8  175s
 1008012 615212  114.09754   54   11  114.45500  100.55094  12.1%  19.8  180s
 1024522 627589  104.82421   50   41  114.45500  100.56330  12.1%  19.8  185s
 1049179 640841     cutoff   65       114.45500  100.57890  12.1%  19.8  190s
 1071703 654060  103.37651   39   43  114.45500  100.59398  12.1%  19.8  195s
 1095256 669921  102.84710   36   37  114.45500  100.61106  12.1%  19.8  200s
 1119120 685029  105.45572   60   38  114.45500  100.62676  12.1%  19.8  205s
 1143069 698875  109.49480   49   18  114.45500  100.64219  12.1%  19.8  210s
 1166513 714485  102.79801   41   48  114.45500  100.65769  12.1%  19.8  215s
 1191524 729675  112.22705   60   31  114.45500  100.67222  12.0%  19.8  220s
 1213724 743839  108.44326   42   32  114.45500  100.68547  12.0%  19.7  225s
 1238135 760162  104.37206   50   24  114.45500  100.69947  12.0%  19.7  230s
 1260985 773161  102.41977   36   26  114.45500  100.71154  12.0%  19.7  235s
 1287457 788312  110.28387   41   48  114.45500  100.72576  12.0%  19.7  240s
 1311058 803827  107.68562   41   43  114.45500  100.73895  12.0%  19.7  245s
 1325431 811354  112.59800   62   17  114.45500  100.74767  12.0%  19.8  250s
 1344058 824404  107.71127   44   17  114.45500  100.75828  12.0%  19.8  255s
 1367299 837864  111.37938   64   36  114.45500  100.77043  12.0%  19.8  260s
 1391392 852222  103.85193   38   29  114.45500  100.78230  11.9%  19.8  265s
 1416117 866965  102.37017   37   33  114.45500  100.79559  11.9%  19.8  270s
 1437880 881026  102.66728   36   37  114.45500  100.80697  11.9%  19.8  275s
 1461873 895404 infeasible   51       114.45500  100.81911  11.9%  19.8  280s
 1486742 910319  101.90323   37   53  114.45500  100.83094  11.9%  19.8  285s
 1507611 922644  101.71672   48   52  114.45500  100.84160  11.9%  19.8  290s
 1529924 936464  101.24438   40   45  114.45500  100.85399  11.9%  19.8  295s
 1554083 950820  107.86648   62   53  114.45500  100.86545  11.9%  19.8  300s
 1577851 965037  109.77379   73   22  114.45500  100.87728  11.9%  19.7  305s
 1599697 977002 infeasible   59       114.45500  100.88812  11.9%  19.7  310s
 1622414 990351 infeasible   53       114.45500  100.90021  11.8%  19.7  315s
 1642683 1005251     cutoff   56       114.45500  100.91081  11.8%  19.7  320s
 1666105 1017614  103.36320   36   22  114.45500  100.92300  11.8%  19.7  325s
 1690564 1031033  107.06289   49   38  114.45500  100.93534  11.8%  19.7  330s
 1707448 1044285  103.07976   45   38  114.45500  100.94397  11.8%  19.7  335s
 1727060 1053556  103.67006   42   36  114.45500  100.95456  11.8%  19.7  340s
 1748559 1065837  112.25400   53    4  114.45500  100.96652  11.8%  19.7  345s
 1771418 1079611  105.40508   54   21  114.45500  100.97674  11.8%  19.7  350s
 1790701 1090371  101.88296   42   46  114.45500  100.98720  11.8%  19.7  355s
 1810605 1101410  106.51523   37   45  114.45500  100.99669  11.8%  19.7  360s
 1831780 1112243  107.70668   51   19  114.45500  101.00728  11.7%  19.7  365s
 1851252 1123489  107.47845   49   29  114.45500  101.01719  11.7%  19.7  370s
 1872997 1135888  106.57710   72   17  114.45500  101.02734  11.7%  19.7  375s
 1892506 1147245 infeasible   49       114.45500  101.03715  11.7%  19.7  380s
 1909154 1157899  108.01844   40   36  114.45500  101.04729  11.7%  19.7  385s
 1929595 1169295  110.27585   35   43  114.45500  101.05904  11.7%  19.7  390s
 1950626 1180156  104.33069   69   16  114.45500  101.06968  11.7%  19.7  395s
 1969012 1191271  109.06300   54   10  114.45500  101.08050  11.7%  19.7  400s
 1987742 1203456  111.43328   59   31  114.45500  101.09047  11.7%  19.7  405s
 2008669 1214101  102.83688   40   47  114.45500  101.10159  11.7%  19.7  410s
 2027986 1225596  101.48739   40   37  114.45500  101.11203  11.7%  19.7  415s
 2046906 1236100  104.57583   38   26  114.45500  101.12224  11.6%  19.7  420s
 2064961 1246188  106.47084   42   34  114.45500  101.13185  11.6%  19.7  425s
 2085931 1257317  103.78378   47   46  114.45500  101.14234  11.6%  19.7  430s
 2104602 1267771  107.80037   46   44  114.45500  101.15174  11.6%  19.7  435s
 2122394 1278238  105.81937   62   43  114.45500  101.16040  11.6%  19.7  440s
 2141378 1290030  113.19215   48   15  114.45500  101.16841  11.6%  19.7  445s
 2158469 1300237  102.75413   39   48  114.45500  101.17499  11.6%  19.7  450s
 2178465 1310672  108.69488   53   34  114.45500  101.18382  11.6%  19.7  455s
 2195715 1321734  104.34432   55   36  114.45500  101.19066  11.6%  19.7  460s

Cutting planes:
  Learned: 14
  Gomory: 39
  Cover: 2
  Implied bound: 73
  Projected implied bound: 31
  Clique: 1
  MIR: 76
  StrongCG: 5
  Flow cover: 186
  Zero half: 18
  RLT: 22
  Relax-and-lift: 15
  PSD: 5

Explored 2201836 nodes (43317267 simplex iterations) in 461.78 seconds (341.31 work units)
Thread count was 16 (of 16 available processors)

Solution count 10: 114.455 115.395 116.413 ... 123.494

Solve interrupted
Best objective 1.144550000000e+02, best bound 1.011926591982e+02, gap 11.5874%
