
Gurobi 12.0.0 (win64) logging started Mon May  4 21:58:20 2026

Set parameter LogFile to value "C:\Users\Asus\Documents\GitHub\logistics-model2\internal-logistics-model2\results\SR_SV_RD\case1\result_SR_SV_RD_case1_P12_eps9999_2026_05_04_21_58.log"
Gurobi Optimizer version 12.0.0 build v12.0.0rc1 (win64 - Windows 10.0 (19045.2))

CPU model: 12th Gen Intel(R) Core(TM) i7-12650H, instruction set [SSE2|AVX|AVX2]
Thread count: 10 physical cores, 16 logical processors, using up to 16 threads

Non-default parameters:
TimeLimit  600
MIPGap  0.01
Presolve  2

Optimize a model with 3901 rows, 1137 columns and 20008 nonzeros
Model fingerprint: 0x8cf586dd
Variable types: 165 continuous, 972 integer (942 binary)
Coefficient statistics:
  Matrix range     [1e+00, 5e+02]
  Objective range  [1e-03, 1e+00]
  Bounds range     [1e+00, 3e+01]
  RHS range        [1e+00, 1e+04]
Presolve removed 1557 rows and 450 columns
Presolve time: 0.06s
Presolved: 2344 rows, 687 columns, 18953 nonzeros
Variable types: 75 continuous, 612 integer (588 binary)
Root relaxation presolve removed 26 rows and 0 columns
Root relaxation presolved: 2318 rows, 712 columns, 18903 nonzeros


Root relaxation: objective 3.600000e-02, 248 iterations, 0.02 seconds (0.03 work units)

    Nodes    |    Current Node    |     Objective Bounds      |     Work
 Expl Unexpl |  Obj  Depth IntInf | Incumbent    BestBd   Gap | It/Node Time

     0     0    0.03600    0   27          -    0.03600      -     -    0s
     0     0    0.03600    0   53          -    0.03600      -     -    0s
     0     0    0.03600    0   53          -    0.03600      -     -    0s
     0     0    0.03600    0   43          -    0.03600      -     -    0s
     0     0    0.03600    0   50          -    0.03600      -     -    0s
     0     0    0.03600    0   46          -    0.03600      -     -    0s
     0     0    0.03600    0   54          -    0.03600      -     -    0s
     0     0    0.03600    0   30          -    0.03600      -     -    0s
     0     0    0.03600    0   24          -    0.03600      -     -    0s
     0     2    0.03600    0   24          -    0.03600      -     -    0s
H 2724  2315                     218.3450000    0.09884   100%  24.6    2s
H 2724  2199                     209.2560000    0.09884   100%  24.6    2s
H 2726  2090                     208.2270000    0.09946   100%  24.6    3s
H 2727  1986                     203.2320000    0.09950   100%  24.6    3s
H 2738  1892                     198.1310000    0.10192   100%  24.5    4s
  2751  1901    0.10492   16   99  198.13100    0.10492   100%  24.4    5s
H 2786  1828                     198.1220000    0.10714   100%  31.2    6s
H 2786  1737                     195.0830000    0.10714   100%  31.2    6s
H 2787  1650                     195.0740000    0.10714   100%  31.2    7s
H 2790  1570                     187.0840000    0.10715   100%  31.2    7s
H 2835  1521                     187.0380000    0.10969   100%  35.4    9s
H 2838  1447                     186.0330000    0.10986   100%  35.3   10s
H 2847  1382                     181.0200000    0.10986   100%  37.2   11s
H 2938  1401                     177.9860000    0.11004   100%  40.8   12s
H 3060  1398                     169.9460000    0.11004   100%  43.7   12s
H 4216  2130                     169.9440000    0.11027   100%  52.6   14s
H 4496  2219                     166.9140000    0.11027   100%  53.7   14s
  5055  2827    0.12524   72   70  166.91400    0.11027   100%  54.0   15s
H 7754  4528                     166.8820000    0.11192   100%  51.1   16s
H14745 10367                     164.8820000    0.11254   100%  42.3   19s
H14759 10367                     163.9180000    0.11254   100%  42.4   19s
 16814 12802    0.20431   72   59  163.91800    0.11256   100%  40.6   20s
H16945 12802                     163.7800000    0.11256   100%  40.5   20s
H17974 14058                     158.7800000    0.11256   100%  39.9   20s
H19644 14610                     156.7760000    0.11256   100%  38.8   21s
H20231 15107                     152.7880000    0.11256   100%  38.9   21s
H20232 15107                     151.7300000    0.11256   100%  38.9   21s
H24824 18988                     151.7130000    0.11256   100%  37.2   23s
 28712 23723    0.13037   64   59  151.71300    0.11341   100%  35.7   25s
H31276 24797                     143.6660000    0.11341   100%  34.5   25s
H33425 26394                     141.7250000    0.11355   100%  33.9   26s
H33434 26384                     135.6480000    0.11355   100%  33.9   26s
 39251 32777    0.42821   80   16  135.64800    0.11415   100%  32.7   30s
 41728 33476    0.13679   70   24  135.64800    0.11415   100%  32.9   37s
 41739 33483    0.14994  120  107  135.64800    0.12094   100%  32.9   40s
 41756 33495    0.13067   72  147  135.64800    0.12973   100%  32.9   45s
 41771 33505    1.31330  149  137  135.64800    0.13326   100%  32.9   50s
 41785 33514    0.13555   81  159  135.64800    0.13555   100%  32.9   55s
 41801 33525    0.33493   69  145  135.64800    0.13691   100%  32.8   60s
 41815 33534    0.13788   93  153  135.64800    0.13752   100%  32.8   65s
 41830 33544    0.13824   73  159  135.64800    0.13824   100%  32.8   70s
 41844 33553   79.21006  177  159  135.64800    0.13893   100%  32.8   75s
 41860 33564    0.23078  146  164  135.64800    0.13986   100%  32.8   80s
 41875 33574    0.39380   99  169  135.64800    0.14060   100%  32.8   85s
H41878 31894                     135.6440000    0.14069   100%  32.8   86s
H41880 30298                     133.6300000    0.14078   100%  32.8   87s
 41889 30304   69.17403  154  151  133.63000    0.14113   100%  32.8   90s
 41903 30314    0.53872   89  147  133.63000    0.14150   100%  32.8   95s
 41918 30324   41.12443   90  147  133.63000    0.14179   100%  32.8  100s
 41941 30341    0.24055  168  122  133.63000    0.14216   100%  34.7  105s
 41956 30351    0.14237   72  151  133.63000    0.14237   100%  34.6  110s
 41972 30361    0.14267   60  143  133.63000    0.14267   100%  34.6  115s
 41986 30371    0.14876  121  154  133.63000    0.14279   100%  34.6  120s
 42002 30381    0.23288  173  156  133.63000    0.14299   100%  34.6  125s
 42014 30389   50.04373   88  156  133.63000    0.14316   100%  34.6  130s
 42031 30401    0.15452   69  165  133.63000    0.14344   100%  34.6  135s
 42063 30431    0.14366   57  162  133.63000    0.14359   100%  35.6  140s
 42375 30676    0.16066   69   97  133.63000    0.14367   100%  37.5  145s
H42657 29302                     133.5830000    0.14367   100%  38.0  146s
 44261 30237 infeasible  139       133.58300    0.14390   100%  39.6  150s
H44661 28939                     132.5950000    0.14390   100%  40.5  151s
H45781 28167                     132.5920000    0.14397   100%  41.7  153s
 46669 28629    0.14875  109  114  132.59200    0.14397   100%  42.9  155s
H46679 27320                     132.5800000    0.14397   100%  43.0  155s
H47325 26509                     131.5750000    0.14397   100%  43.8  156s
 49422 27969    0.15413  134   81  131.57500    0.14407   100%  45.9  160s
H50092 26711                     130.5700000    0.14407   100%  46.6  164s
 50149 27068    0.25817  182   48  130.57000    0.14407   100%  46.6  165s
 53360 28962    0.14577   83  106  130.57000    0.14429   100%  49.2  170s
H55792 28439                     129.5700000    0.14429   100%  50.7  174s
 55900 28920  110.71100  136    8  129.57000    0.14429   100%  50.9  175s
 60339 31301    0.15177   60  102  129.57000    0.14463   100%  52.9  180s
 65651 33730    0.14791   98  120  129.57000    0.14471   100%  54.8  185s
H69325 34159                     128.5550000    0.14472   100%  55.6  188s
 69586 34844    0.16938  126   72  128.55500    0.14472   100%  55.7  190s
 72978 37093   38.14441  141   39  128.55500    0.14481   100%  56.5  195s
 77366 39718    0.15910  124   55  128.55500    0.14484   100%  56.9  200s
 83561 43695    0.14593   83  125  128.55500    0.14487   100%  57.2  207s
 87898 44634   50.32300  179   33  128.55500    0.14490   100%  57.8  210s
 93390 46192    0.14516   83  117  128.55500    0.14493   100%  59.5  216s
 94501 48313    0.16187  136   62  128.55500    0.14493   100%  59.7  220s
 99317 50832    0.15239   82   89  128.55500    0.14498   100%  60.2  225s
 104439 54315    0.14963   92  113  128.55500    0.14503   100%  60.9  231s
 108227 55854    0.14835   98  104  128.55500    0.14506   100%  61.8  235s
 112685 61067    3.25383  188   38  128.55500    0.14509   100%  62.7  241s
 115535 62887    0.14652   92  118  128.55500    0.14511   100%  63.1  246s
 119186 65595    0.15590   82   72  128.55500    0.14513   100%  63.6  250s
 123038 69675    0.15263   86   84  128.55500    0.14516   100%  64.7  256s
 127901 72105    0.14533   89  135  128.55500    0.14518   100%  64.6  260s
 130571 75577    0.14836   89   88  128.55500    0.14518   100%  64.5  265s
 134315 77941    0.17959  195   61  128.55500    0.14519   100%  64.5  270s
 138471 82325    0.14974  135  102  128.55500    0.14521   100%  64.5  276s
 142406 86062    0.14895  103   83  128.55500    0.14523   100%  64.7  281s
 146097 88686    0.18747   87   45  128.55500    0.14525   100%  65.0  286s
 151768 93298    0.15192   86   92  128.55500    0.14530   100%  65.6  291s
 154304 95171    0.25527  128   44  128.55500    0.14530   100%  65.6  295s
 158317 97925    0.14959   99  104  128.55500    0.14530   100%  65.4  301s
 161202 101037    3.46347  124   44  128.55500    0.14532   100%  65.3  305s
 166329 105357    0.16134   88   57  128.55500    0.14534   100%  65.3  310s
 167968 111921    0.16457  108   81  128.55500    0.14534   100%  65.5  324s
 175190 114024    0.16313  138   58  128.55500    0.14534   100%  65.5  327s
 177675 115243 infeasible  178       128.55500    0.14537   100%  65.5  330s
 179119 115288    0.16272  119   54  128.55500    0.14537   100%  65.6  337s
 179135 116021    0.16308  120   53  128.55500    0.14537   100%  65.6  341s
 181549 118940    0.16320   90   62  128.55500    0.14540   100%  65.5  347s
 185082 121632 infeasible  204       128.55500    0.14540   100%  65.4  353s
 186391 122954    0.14954   75  102  128.55500    0.14540   100%  65.4  355s
 190812 126932    0.15185  106   94  128.55500    0.14542   100%  65.3  362s
 192511 128290    0.36181  237   34  128.55500    0.14542   100%  65.2  365s
 196948 132401    0.16293  169   65  128.55500    0.14544   100%  65.2  370s
 201748 136731    0.15565  149   55  128.55500    0.14544   100%  65.2  377s
 205077 138900    0.14720  111   82  128.55500    0.14546   100%  65.5  381s
 207716 140907    0.17792  115   70  128.55500    0.14547   100%  65.6  385s
 211217 145046    7.14182  255   36  128.55500    0.14547   100%  65.7  391s
 215469 146566    0.14846  103  111  128.55500    0.14549   100%  65.7  395s
 215848 147633    0.14870  106  104  128.55500    0.14550   100%  65.8  400s
 218711 151371    0.16947  129   55  128.55500    0.14550   100%  65.9  405s
 222322 153701   98.32836  269   30  128.55500    0.14551   100%  65.8  410s
 225928 157201    0.15834   80   61  128.55500    0.14553   100%  65.8  415s
 231021 161646    0.16053  106   53  128.55500    0.14554   100%  65.8  422s
 234833 164386    0.14608   99  141  128.55500    0.14555   100%  66.1  427s
 237627 167985    0.15261  131   97  128.55500    0.14555   100%  66.2  432s
 240367 169775    0.18309  110   55  128.55500    0.14555   100%  66.1  435s
 243763 173010    0.16885  178   69  128.55500    0.14557   100%  66.2  440s
 249674 176028    0.15115  107  104  128.55500    0.14559   100%  66.0  447s
 250563 177546    0.15120  109  106  128.55500    0.14560   100%  66.0  450s
 254375 181577    0.19029  198   64  128.55500    0.14560   100%  65.9  457s
 256166 183177    0.14787  103  111  128.55500    0.14560   100%  66.0  460s
 259795 186281    0.16211   85   67  128.55500    0.14561   100%  66.1  465s
 265287 191071    0.19559  124   50  128.55500    0.14563   100%  66.3  472s
 268188 192404    0.15057  117  105  128.55500    0.14564   100%  66.2  476s
 270090 194605    0.14972  117   85  128.55500    0.14564   100%  66.2  480s
 273340 197589 infeasible  100       128.55500    0.14565   100%  66.3  485s
 277297 201188    0.30662  193   54  128.55500    0.14567   100%  66.4  491s
 282118 204796    0.16605  148   70  128.55500    0.14567   100%  66.2  495s
 286434 208055    0.14785   96  127  128.55500    0.14568   100%  66.1  501s
 289463 211040    0.16105   99   82  128.55500    0.14569   100%  66.0  506s
 291942 213649    0.16124  101   87  128.55500    0.14569   100%  66.0  510s
 295925 218057    0.14585  104  119  128.55500    0.14570   100%  65.8  516s
 299955 221282    0.20946  165   63  128.55500    0.14571   100%  65.7  520s
 304145 224960    0.16983  200   66  128.55500    0.14571   100%  65.5  525s
 308411 228609    0.15120  105   93  128.55500    0.14571   100%  65.4  531s
 313621 232023    0.14925   83  107  128.55500    0.14573   100%  65.2  536s
 318426 237025    0.21130  241   62  128.55500    0.14573   100%  65.0  543s
 320404 237752 infeasible  139       128.55500    0.14575   100%  65.2  545s
 323357 241178    0.16561   85   75  128.55500    0.14575   100%  65.2  550s
 327890 244085    0.15640   97  108  128.55500    0.14576   100%  65.1  555s
 333000 250017    0.14793   98  117  128.55500    0.14577   100%  65.0  562s
 335521 251738    0.15221   92  108  128.55500    0.14577   100%  64.9  566s
 339347 256821    0.15207   94   89  128.55500    0.14577   100%  64.7  571s
 344807 259143    0.20050  196   53  128.55500    0.14577   100%  64.5  575s
 348319 262467    0.20723  172   48  128.55500    0.14579   100%  64.5  580s
 352137 265816  107.47900  166   16  128.55500    0.14581   100%  64.6  586s
 356109 268051    0.15121   83   92  128.55500    0.14581   100%  64.5  590s
 357211 269805    0.15170   86   88  128.55500    0.14581   100%  64.6  595s
 360023 271270    0.14651   81  125  128.55500    0.14582   100%  64.5  600s

Cutting planes:
  Gomory: 15
  Cover: 16
  Implied bound: 263
  Projected implied bound: 5
  MIR: 604
  Mixing: 3
  StrongCG: 13
  Flow cover: 1317
  Inf proof: 20
  Zero half: 5
  RLT: 195
  Relax-and-lift: 263
  BQP: 1
  PSD: 26

Explored 360053 nodes (23240901 simplex iterations) in 600.05 seconds (672.11 work units)
Thread count was 16 (of 16 available processors)

Solution count 10: 128.555 129.57 130.57 ... 135.644

Time limit reached
Best objective 1.285550000000e+02, best bound 1.458159037377e-01, gap 99.8866%
