
Gurobi 12.0.0 (win64) logging started Thu May 14 21:09:47 2026

Set parameter LogFile to value "C:\Users\Asus\Documents\GitHub\internal-logistics-model2\internal-logistics-model2\results\SR_SV_RD\case1\result_SR_SV_RD_case1_P10_eps9999_2026_05_14_21_09.log"
Gurobi Optimizer version 12.0.0 build v12.0.0rc1 (win64 - Windows 10.0 (19045.2))

CPU model: 12th Gen Intel(R) Core(TM) i7-12650H, instruction set [SSE2|AVX|AVX2]
Thread count: 10 physical cores, 16 logical processors, using up to 16 threads

Non-default parameters:
TimeLimit  1200
MIPGap  0.01
Presolve  2

Optimize a model with 3887 rows, 1133 columns and 19844 nonzeros
Model fingerprint: 0xbf4fe724
Variable types: 163 continuous, 970 integer (940 binary)
Coefficient statistics:
  Matrix range     [1e+00, 5e+02]
  Objective range  [1e-03, 1e+00]
  Bounds range     [1e+00, 3e+01]
  RHS range        [1e+00, 1e+04]
Presolve removed 2253 rows and 640 columns
Presolve time: 0.18s
Presolved: 1634 rows, 493 columns, 11741 nonzeros
Variable types: 63 continuous, 430 integer (410 binary)
Root relaxation presolve removed 23 rows and 0 columns
Root relaxation presolved: 1611 rows, 515 columns, 11697 nonzeros


Root relaxation: objective 3.000000e-02, 188 iterations, 0.05 seconds (0.02 work units)

    Nodes    |    Current Node    |     Objective Bounds      |     Work
 Expl Unexpl |  Obj  Depth IntInf | Incumbent    BestBd   Gap | It/Node Time

     0     0    0.03000    0   27          -    0.03000      -     -    0s
     0     0    0.03000    0   45          -    0.03000      -     -    0s
     0     0    0.03000    0   49          -    0.03000      -     -    0s
     0     0    0.03000    0   15          -    0.03000      -     -    0s
     0     0    0.03000    0   25          -    0.03000      -     -    0s
     0     0    0.03000    0   24          -    0.03000      -     -    0s
     0     0    0.03000    0   40          -    0.03000      -     -    0s
H    0     0                     176.8900000    0.03000   100%     -    0s
     0     0    0.03000    0   41  176.89000    0.03000   100%     -    0s
     0     0    0.03000    0   36  176.89000    0.03000   100%     -    0s
     0     0    0.03000    0   40  176.89000    0.03000   100%     -    0s
     0     0    0.03000    0   38  176.89000    0.03000   100%     -    0s
     0     2    0.03000    0   38  176.89000    0.03000   100%     -    0s
H  203   207                     170.8050000    0.04800   100%  77.5    0s
H  255   272                     164.6980000    0.04800   100%  71.9    1s
H  345   378                     164.6800000    0.04800   100%  64.3    1s
H  358   378                     155.7220000    0.04800   100%  63.2    1s
H 1453  1345                     154.7370000    0.04800   100%  36.3    1s
H 1539  1411                     153.7350000    0.05459   100%  37.2    1s
H 1541  1411                     148.6940000    0.05459   100%  37.2    1s
H 1944  1651                     148.6820000    0.05514   100%  34.8    1s
H 1944  1568                     142.6400000    0.05514   100%  34.8    2s
H 1986  1532                     141.6280000    0.06768   100%  35.9    2s
H 2062  1500                     141.6110000    0.06919   100%  36.0    2s
H 2067  1426                     141.6080000    0.06919   100%  36.0    2s
H 2069  1379                     137.6000000    0.06919   100%  36.0    2s
H 2080  1311                     132.5950000    0.06919   100%  36.1    2s
H 2618  1600                     132.5700000    0.06919   100%  35.5    2s
H 2858  1773                     131.5610000    0.07211   100%  35.7    3s
H 3953  2194                     128.5680000    0.07450   100%  34.5    3s
H 3957  2140                     127.5650000    0.07450   100%  34.5    3s
H10502  7085                     127.5400000    0.07978   100%  25.7    4s
 12969  9095    0.17049   54   46  127.54000    0.08068   100%  24.7    5s
H13251  9284                     127.5330000    0.08068   100%  24.8    5s
 43137 34090    0.23689   95   38  127.53300    0.08425   100%  18.8   11s
H43380 32549                     126.5200000    0.09572   100%  19.2   12s
H43523 31033                     124.5370000    0.09572   100%  19.3   12s
H48166 31865                     123.5130000    0.09876   100%  20.5   14s
H48425 30563                     117.4590000    0.09876   100%  20.5   14s
 49466 31046 infeasible  135       117.45900    0.09897   100%  20.5   15s
H58668 34164                     117.4520000    0.10045   100%  21.4   16s
H59377 33845                     117.4500000    0.10072   100%  21.4   17s
H59573 32525                     115.4380000    0.10072   100%  21.4   17s
 68003 38325    0.10698   40   56  115.43800    0.10149   100%  22.1   20s
 96829 52395    0.15411   57   47  115.43800    0.10246   100%  22.5   25s

Cutting planes:
  Learned: 22
  Gomory: 17
  Implied bound: 189
  Projected implied bound: 4
  MIR: 53
  StrongCG: 2
  Flow cover: 168
  Zero half: 1
  RLT: 31
  Relax-and-lift: 26
  PSD: 8

Explored 121996 nodes (2801335 simplex iterations) in 28.93 seconds (36.46 work units)
Thread count was 16 (of 16 available processors)

Solution count 10: 115.438 117.45 117.459 ... 128.568

Solve interrupted
Best objective 1.154380000000e+02, best bound 1.029743927828e-01, gap 99.9108%
