
Gurobi 12.0.0 (win64) logging started Wed May 13 21:29:03 2026

Set parameter LogFile to value "C:\Users\Asus\Documents\GitHub\internal-logistics-model2\internal-logistics-model2\results\SR_SV_RD\case1\result_SR_SV_RD_case1_P10_eps9999_2026_05_13_21_29.log"
Gurobi Optimizer version 12.0.0 build v12.0.0rc1 (win64 - Windows 10.0 (19045.2))

CPU model: 12th Gen Intel(R) Core(TM) i7-12650H, instruction set [SSE2|AVX|AVX2]
Thread count: 10 physical cores, 16 logical processors, using up to 16 threads

Non-default parameters:
TimeLimit  1200
MIPGap  0.01
Presolve  2

Optimize a model with 3887 rows, 1133 columns and 19844 nonzeros
Model fingerprint: 0xbf4fe724
Variable types: 163 continuous, 970 integer (940 binary)
Coefficient statistics:
  Matrix range     [1e+00, 5e+02]
  Objective range  [1e-03, 1e+00]
  Bounds range     [1e+00, 3e+01]
  RHS range        [1e+00, 1e+04]
Presolve removed 2253 rows and 640 columns
Presolve time: 0.13s
Presolved: 1634 rows, 493 columns, 11741 nonzeros
Variable types: 63 continuous, 430 integer (410 binary)
Root relaxation presolve removed 23 rows and 0 columns
Root relaxation presolved: 1611 rows, 515 columns, 11697 nonzeros


Root relaxation: objective 3.000000e-02, 188 iterations, 0.03 seconds (0.02 work units)

    Nodes    |    Current Node    |     Objective Bounds      |     Work
 Expl Unexpl |  Obj  Depth IntInf | Incumbent    BestBd   Gap | It/Node Time

     0     0    0.03000    0   27          -    0.03000      -     -    0s
     0     0    0.03000    0   45          -    0.03000      -     -    0s
     0     0    0.03000    0   49          -    0.03000      -     -    0s
     0     0    0.03000    0   15          -    0.03000      -     -    0s
     0     0    0.03000    0   25          -    0.03000      -     -    0s
     0     0    0.03000    0   24          -    0.03000      -     -    0s
     0     0    0.03000    0   40          -    0.03000      -     -    0s
H    0     0                     176.8900000    0.03000   100%     -    0s
     0     0    0.03000    0   41  176.89000    0.03000   100%     -    0s
     0     0    0.03000    0   36  176.89000    0.03000   100%     -    0s
     0     0    0.03000    0   40  176.89000    0.03000   100%     -    0s
     0     0    0.03000    0   38  176.89000    0.03000   100%     -    0s
     0     2    0.03000    0   38  176.89000    0.03000   100%     -    0s
H  203   207                     170.8050000    0.04800   100%  77.5    0s
H  255   272                     164.6980000    0.04800   100%  71.9    0s
H  345   378                     164.6800000    0.04800   100%  64.3    0s
H  358   378                     155.7220000    0.04800   100%  63.2    0s
H 1453  1345                     154.7370000    0.04800   100%  36.3    1s
H 1539  1411                     153.7350000    0.05459   100%  37.2    1s
H 1541  1411                     148.6940000    0.05459   100%  37.2    1s
H 1944  1651                     148.6820000    0.05514   100%  34.8    1s
H 1944  1568                     142.6400000    0.05514   100%  34.8    1s
H 1986  1532                     141.6280000    0.06768   100%  35.9    2s
H 2062  1500                     141.6110000    0.06919   100%  36.0    2s
H 2067  1426                     141.6080000    0.06919   100%  36.0    2s
H 2069  1379                     137.6000000    0.06919   100%  36.0    2s
H 2080  1311                     132.5950000    0.06919   100%  36.1    2s
H 2618  1600                     132.5700000    0.06919   100%  35.5    2s
H 2858  1773                     131.5610000    0.07211   100%  35.7    2s
H 3953  2194                     128.5680000    0.07450   100%  34.5    3s
H 3957  2140                     127.5650000    0.07450   100%  34.5    3s
H10502  7085                     127.5400000    0.07978   100%  25.7    4s
 13044  9162    0.17071   55   44  127.54000    0.08068   100%  24.7    5s
H13251  9284                     127.5330000    0.08068   100%  24.8    5s
 43137 34090    0.23689   95   38  127.53300    0.08425   100%  18.8   10s
H43380 32549                     126.5200000    0.09572   100%  19.2   11s
H43523 31033                     124.5370000    0.09572   100%  19.3   12s
H48166 31865                     123.5130000    0.09876   100%  20.5   13s
H48425 30563                     117.4590000    0.09876   100%  20.5   13s
 53600 33381    0.27062  131   44  117.45900    0.09976   100%  21.3   15s
H58668 34164                     117.4520000    0.10045   100%  21.4   15s
H59377 33845                     117.4500000    0.10072   100%  21.4   16s
H59573 32525                     115.4380000    0.10072   100%  21.4   16s
 76419 42167    1.34126  148   53  115.43800    0.10184   100%  22.1   20s
 105087 56485    0.12144   89   56  115.43800    0.10265   100%  22.5   25s
 131065 73142    0.12128   75   54  115.43800    0.10318   100%  23.3   30s
 150593 88598    0.10672   36   69  115.43800    0.10351   100%  24.0   35s
 166626 104983 infeasible  131       115.43800    0.10370   100%  25.2   41s
 185375 117980    0.11093   65   69  115.43800    0.10389   100%  25.1   45s
 207146 136994    0.13188  108   50  115.43800    0.10409   100%  25.2   50s
 231523 155590    0.11231   41   61  115.43800    0.10437   100%  25.2   55s
 251112 172330    0.14077   48   48  115.43800    0.10453   100%  25.3   60s
 280592 196872    0.12563   72   51  115.43800    0.10473   100%  25.3   65s
 303669 218498    0.12180   53   49  115.43800    0.10487   100%  25.4   70s
 320515 229842    5.82820  152   42  115.43800    0.10495   100%  25.5   75s
 344903 251675    0.98477  111   65  115.43800    0.10509   100%  25.5   80s
 368875 269638    0.10751   56   53  115.43800    0.10523   100%  25.6   85s
 383844 282154 infeasible  154       115.43800    0.10530   100%  25.5   90s
 396724 294420    0.12750   51   47  115.43800    0.10537   100%  25.7   95s
 420035 312054    0.11006   51   75  115.43800    0.10549   100%  25.8  100s
 440999 330376   51.32150  126   34  115.43800    0.10556   100%  25.9  105s
 459708 343811    0.13943   65   41  115.43800    0.10564   100%  25.9  110s
 470593 354838    0.13974   75   49  115.43800    0.10569   100%  26.0  115s
 491746 371887    0.13832  106   60  115.43800    0.10576   100%  26.0  120s
 508188 383622   85.21359  136   37  115.43800    0.10583   100%  26.0  125s
 524116 396743    0.12703   58   50  115.43800    0.10590   100%  26.2  130s
 538648 409141   91.20363  115   31  115.43800    0.10594   100%  26.2  135s
 553803 421214 infeasible  154       115.43800    0.10600   100%  26.3  140s
 564244 429498    0.11279   60   66  115.43800    0.10603   100%  26.3  145s
 572511 437679    0.13529   96   48  115.43800    0.10607   100%  26.3  150s
 582090 443965   13.41484  111   36  115.43800    0.10610   100%  26.3  155s
 588225 448778    0.21090   90   42  115.43800    0.10613   100%  26.3  160s
 594092 454803    0.14288   99   47  115.43800    0.10614   100%  26.3  165s
 602622 460532    0.19637   89   31  115.43800    0.10617   100%  26.3  170s
 607684 465205    0.12309   90   49  115.43800    0.10618   100%  26.4  175s
 615988 472105    0.13435   90   48  115.43800    0.10621   100%  26.4  180s
 622196 478021    0.13512   59   42  115.43800    0.10623   100%  26.4  185s
 630380 484057    0.11549   52   58  115.43800    0.10625   100%  26.4  190s
 639338 490249    0.14468  105   51  115.43800    0.10629   100%  26.4  195s
 647231 497867    0.19881  105   38  115.43800    0.10631   100%  26.4  200s
 658715 505342    0.12204   66   51  115.43800    0.10635   100%  26.4  205s
 659576 506899    0.12244   71   54  115.43800    0.10635   100%  26.4  210s
 667659 513383    0.12747   91   52  115.43800    0.10637   100%  26.4  215s
 668680 513562   83.18460   65   34  115.43800    0.10638   100%  26.5  220s
 672546 518055    0.11010   74   49  115.43800    0.10639   100%  26.6  225s
 680444 524169    0.13724   73   53  115.43800    0.10640   100%  26.6  230s
 698458 538114 infeasible  142       115.43800    0.10647   100%  26.6  235s
 710715 547655    0.19283  109   35  115.43800    0.10650   100%  26.6  240s
 723814 559414 infeasible  153       115.43800    0.10653   100%  26.6  245s
 738628 572593    0.15706   95   53  115.43800    0.10658   100%  26.7  250s
 749589 581675    0.11795   79   51  115.43800    0.10661   100%  26.7  255s
 756735 588264    0.11611   38   59  115.43800    0.10662   100%  26.7  261s
 764046 593765    0.11658   69   55  115.43800    0.10665   100%  26.7  265s
 772767 599989    0.12758   65   51  115.43800    0.10667   100%  26.6  270s
 781279 608157    0.13843  114   52  115.43800    0.10669   100%  26.6  275s
 790612 615355    0.15704   97   34  115.43800    0.10671   100%  26.6  280s
 792752 615882   82.21465  107   33  115.43800    0.10671   100%  26.6  285s
 799998 622182    0.25490   64   32  115.43800    0.10672   100%  26.6  290s
 805658 626278    0.44664   88   25  115.43800    0.10675   100%  26.7  295s
 813170 633917    0.15096   88   53  115.43800    0.10677   100%  26.7  300s
 822500 641396    0.12048   74   53  115.43800    0.10679   100%  26.7  305s
 831720 648841    0.12566   80   56  115.43800    0.10681   100%  26.7  310s
 838944 655461    1.30737  149   50  115.43800    0.10683   100%  26.7  316s
 847851 660490    0.29300  117   26  115.43800    0.10686   100%  26.7  321s
 852614 666308    0.11721   45   55  115.43800    0.10687   100%  26.7  325s
 857006 668906    0.20400   47   44  115.43800    0.10687   100%  26.7  330s
 864122 675811    0.11873   41   58  115.43800    0.10689   100%  26.7  335s
 868075 677038    0.12923  114   47  115.43800    0.10690   100%  26.7  340s
 873705 682158    0.24663  106   33  115.43800    0.10692   100%  26.7  345s
 882174 689623    0.11852   84   54  115.43800    0.10694   100%  26.7  350s
 889605 697192    0.16170   87   46  115.43800    0.10695   100%  26.7  355s
 899645 705050    0.13125   69   50  115.43800    0.10697   100%  26.7  360s
 907819 710960    0.11267   86   64  115.43800    0.10700   100%  26.7  365s
 916902 718511 infeasible  143       115.43800    0.10701   100%  26.7  370s
 925340 725405    0.14541   98   50  115.43800    0.10703   100%  26.7  375s
 933251 731768    0.11217   73   64  115.43800    0.10706   100%  26.7  380s
 941419 737796    0.11058   51   62  115.43800    0.10708   100%  26.7  385s
 946619 744616    0.11104   45   59  115.43800    0.10709   100%  26.8  390s
 952445 746281    0.13525  117   52  115.43800    0.10709   100%  26.8  395s
 955913 749690    0.15753   84   46  115.43800    0.10710   100%  26.8  400s
 960096 755415    5.04542  154   44  115.43800    0.10711   100%  26.8  405s
 968693 762493    2.64468  138   54  115.43800    0.10712   100%  26.8  410s
 976280 767567    0.14094  114   50  115.43800    0.10714   100%  26.8  415s
 986621 774106   77.15267  115   35  115.43800    0.10716   100%  26.8  420s
 988739 779164    0.22753   64   35  115.43800    0.10717   100%  26.8  425s
 996364 783607    0.14543   68   47  115.43800    0.10718   100%  26.9  431s
 1003962 788257    0.12109   58   49  115.43800    0.10720   100%  26.8  435s
 1011610 795776  101.04302  135   35  115.43800    0.10722   100%  26.9  440s
 1020713 802150    0.13801   77   41  115.43800    0.10723   100%  26.8  445s
 1027751 809155   78.18974  147   24  115.43800    0.10725   100%  26.8  450s
 1034807 812916    0.19611  173   36  115.43800    0.10727   100%  26.8  455s
 1045933 823841    0.33282   42   30  115.43800    0.10729   100%  26.9  460s
 1063015 835569   74.14686   97   47  115.43800    0.10732   100%  26.9  465s
 1076208 846730   69.13286   90   35  115.43800    0.10735   100%  26.9  470s
 1095431 861768    0.12568   76   47  115.43800    0.10739   100%  26.9  475s
 1108913 872558    0.11913   70   48  115.43800    0.10741   100%  26.9  480s
 1118683 883298    0.12629   92   45  115.43800    0.10744   100%  26.9  485s
 1135000 893923    0.11781   60   51  115.43800    0.10747   100%  26.9  490s

Cutting planes:
  Learned: 53
  Gomory: 30
  Implied bound: 197
  Projected implied bound: 4
  MIR: 56
  StrongCG: 2
  Flow cover: 192
  Zero half: 2
  RLT: 39
  Relax-and-lift: 39
  PSD: 9

Explored 1141038 nodes (30697361 simplex iterations) in 492.04 seconds (294.43 work units)
Thread count was 16 (of 16 available processors)

Solution count 10: 115.438 117.45 117.459 ... 128.568

Solve interrupted
Best objective 1.154380000000e+02, best bound 1.074863084396e-01, gap 99.9069%
