
Gurobi 12.0.0 (win64) logging started Mon May  4 23:10:04 2026

Set parameter LogFile to value "C:\Users\Asus\Documents\GitHub\logistics-model2\internal-logistics-model2\results\SR_SV_WT\case1\result_SR_SV_WT_case1_P6_eps9999_2026_05_04_23_10.log"
Gurobi Optimizer version 12.0.0 build v12.0.0rc1 (win64 - Windows 10.0 (19045.2))

CPU model: 12th Gen Intel(R) Core(TM) i7-12650H, instruction set [SSE2|AVX|AVX2]
Thread count: 10 physical cores, 16 logical processors, using up to 16 threads

Non-default parameters:
TimeLimit  600
MIPGap  0.01
Presolve  2

Optimize a model with 3859 rows, 1125 columns and 19511 nonzeros
Model fingerprint: 0x9b980053
Variable types: 159 continuous, 966 integer (936 binary)
Coefficient statistics:
  Matrix range     [1e+00, 5e+02]
  Objective range  [1e-03, 1e+00]
  Bounds range     [1e+00, 3e+01]
  RHS range        [1e+00, 1e+04]
Presolve removed 3262 rows and 924 columns
Presolve time: 0.01s
Presolved: 597 rows, 201 columns, 3214 nonzeros
Variable types: 39 continuous, 162 integer (150 binary)
Root relaxation presolve removed 14 rows and 0 columns
Root relaxation presolved: 583 rows, 214 columns, 3188 nonzeros


Root relaxation: objective 1.800000e+01, 136 iterations, 0.01 seconds (0.00 work units)

    Nodes    |    Current Node    |     Objective Bounds      |     Work
 Expl Unexpl |  Obj  Depth IntInf | Incumbent    BestBd   Gap | It/Node Time

     0     0   18.00000    0   14          -   18.00000      -     -    0s
H    0     0                     357.1200000   18.00000  95.0%     -    0s
H    0     0                     304.1180000   18.00000  94.1%     -    0s
H    0     0                     284.1180000   18.00000  93.7%     -    0s
H    0     0                     278.1150000   18.00000  93.5%     -    0s
H    0     0                     219.9990000   18.00000  91.8%     -    0s
     0     0   18.00000    0   31  219.99900   18.00000  91.8%     -    0s
     0     0   18.00000    0   34  219.99900   18.00000  91.8%     -    0s
     0     0   18.02400    0   27  219.99900   18.02400  91.8%     -    0s
     0     0   18.06100    0   32  219.99900   18.06100  91.8%     -    0s
     0     0   18.06100    0   41  219.99900   18.06100  91.8%     -    0s
     0     0   18.06100    0   37  219.99900   18.06100  91.8%     -    0s
     0     0   18.09898    0   39  219.99900   18.09898  91.8%     -    0s
H    0     0                     210.1140000   18.80170  91.1%     -    0s
     0     0   18.80170    0   32  210.11400   18.80170  91.1%     -    0s
     0     0   27.81884    0   45  210.11400   27.81884  86.8%     -    0s
     0     0   28.15260    0   38  210.11400   28.15260  86.6%     -    0s
     0     0   28.15260    0   39  210.11400   28.15260  86.6%     -    0s
     0     0   28.15260    0   39  210.11400   28.15260  86.6%     -    0s
     0     0   32.44279    0   41  210.11400   32.44279  84.6%     -    0s
     0     0   35.37578    0   41  210.11400   35.37578  83.2%     -    0s
     0     0   36.07414    0   40  210.11400   36.07414  82.8%     -    0s
     0     0   36.22137    0   44  210.11400   36.22137  82.8%     -    0s
     0     0   36.26298    0   43  210.11400   36.26298  82.7%     -    0s
     0     0   36.29303    0   42  210.11400   36.29303  82.7%     -    0s
     0     0   36.29303    0   42  210.11400   36.29303  82.7%     -    0s
     0     0   36.89497    0   41  210.11400   36.89497  82.4%     -    0s
     0     0   37.38620    0   47  210.11400   37.38620  82.2%     -    0s
     0     0   37.38770    0   47  210.11400   37.38770  82.2%     -    0s
     0     0   39.08985    0   46  210.11400   39.08985  81.4%     -    0s
     0     0   39.28214    0   42  210.11400   39.28214  81.3%     -    0s
     0     0   39.28539    0   49  210.11400   39.28539  81.3%     -    0s
     0     0   39.63801    0   40  210.11400   39.63801  81.1%     -    0s
     0     0   39.71266    0   42  210.11400   39.71266  81.1%     -    0s
     0     0   39.71291    0   44  210.11400   39.71291  81.1%     -    0s
     0     0   40.02630    0   39  210.11400   40.02630  81.0%     -    0s
     0     0   40.08814    0   42  210.11400   40.08814  80.9%     -    0s
     0     0   40.08814    0   44  210.11400   40.08814  80.9%     -    0s
     0     0   40.11828    0   48  210.11400   40.11828  80.9%     -    0s
     0     0   40.22400    0   49  210.11400   40.22400  80.9%     -    0s
     0     0   40.22400    0   49  210.11400   40.22400  80.9%     -    0s
     0     0   40.28753    0   49  210.11400   40.28753  80.8%     -    0s
     0     0   40.28753    0   49  210.11400   40.28753  80.8%     -    0s
     0     0   40.28753    0   48  210.11400   40.28753  80.8%     -    0s
H    0     0                     176.0950000   40.28753  77.1%     -    0s
H    0     0                     166.0880000   40.28753  75.7%     -    0s
     0     2   40.28753    0   48  166.08800   40.28753  75.7%     -    0s
H   31    76                     157.0960000   41.07087  73.9%  30.1    0s
H  125   175                     151.0940000   41.07087  72.8%  20.5    0s
H 1206   987                     148.0950000   45.43368  69.3%  15.2    0s
H 2402  1634                     139.0930000   48.47027  65.2%  17.0    1s
H 2775  1736                     135.0900000   49.11467  63.6%  17.9    1s
H15751  7290                     132.0950000   56.71535  57.1%  16.9    2s
 42770 19406   98.89225   49   48  132.09500   61.34398  53.6%  16.6    5s
 42845 19456   92.00585   58   71  132.09500   61.34398  53.6%  16.5   10s
 42916 19512   65.53248   29   52  132.09500   65.53248  50.4%  16.7   15s
 80442 24063   84.55695   51   23  132.09500   65.53248  50.4%  18.2   20s
 124612 31987   95.58958   77   13  132.09500   67.63399  48.8%  18.3   25s
 160946 41916  105.98195   52   14  132.09500   69.96043  47.0%  18.5   30s
 198760 51876     cutoff   52       132.09500   71.89008  45.6%  18.7   35s
 239023 61897 infeasible   74       132.09500   73.59188  44.3%  18.7   40s
 276156 70049   94.53521   50   29  132.09500   75.11379  43.1%  18.8   45s
 313236 77682   90.35818   53   20  132.09500   76.42601  42.1%  18.7   50s
 346513 83965  123.88339   57   31  132.09500   77.52423  41.3%  18.7   55s
 376952 89688   89.69070   55   17  132.09500   78.49431  40.6%  18.6   60s
 406661 94697   99.48603   46   16  132.09500   79.36222  39.9%  18.6   65s
 434224 99106   95.44508   71   26  132.09500   80.13453  39.3%  18.6   70s
 465309 103735   96.77562   60   30  132.09500   81.01999  38.7%  18.5   75s
 494389 107680  112.70976   48   19  132.09500   81.75084  38.1%  18.5   80s
 522993 111887 infeasible   50       132.09500   82.46224  37.6%  18.5   85s
 547898 114950  109.55248   57   31  132.09500   83.07984  37.1%  18.4   90s
 573474 118202  102.28631   52   21  132.09500   83.67952  36.7%  18.4   95s
 594752 120702 infeasible   57       132.09500   84.15733  36.3%  18.4  100s
 616904 123223   87.94283   53   23  132.09500   84.66720  35.9%  18.5  105s
 639358 125255  122.50095   74   30  132.09500   85.17571  35.5%  18.5  110s
 660286 127482 infeasible   77       132.09500   85.67213  35.1%  18.5  115s
 680271 129552  106.59647   62   13  132.09500   86.10472  34.8%  18.5  120s
 701961 131522   91.48232   65   35  132.09500   86.59793  34.4%  18.6  125s
 722211 132951   89.75373   55   24  132.09500   87.05594  34.1%  18.6  130s
 743543 134486     cutoff   54       132.09500   87.48521  33.8%  18.6  135s
 761686 135411  112.67003   50   12  132.09500   87.89578  33.5%  18.6  140s
 779999 136638  104.57105   68   29  132.09500   88.24436  33.2%  18.6  145s
 800163 138027 infeasible   75       132.09500   88.67116  32.9%  18.7  150s
 818466 139024   90.24348   74   23  132.09500   89.05000  32.6%  18.7  155s
 837747 140140  115.30584   74   30  132.09500   89.39399  32.3%  18.7  160s
 855478 141102  108.85577   56   20  132.09500   89.80000  32.0%  18.7  165s
 875099 141693  104.15462   42   29  132.09500   90.18006  31.7%  18.7  170s
 893954 142346  113.00000   60   22  132.09500   90.57709  31.4%  18.7  175s
 912415 143063 infeasible   57       132.09500   91.00000  31.1%  18.7  180s
 931305 143749  107.33819   76   32  132.09500   91.31232  30.9%  18.8  185s
 950232 144395  113.97683   67   17  132.09500   91.72902  30.6%  18.8  190s
 968835 144966  131.02383   65   14  132.09500   92.06700  30.3%  18.8  195s
 986972 145217  117.09587   74   22  132.09500   92.44110  30.0%  18.8  200s
 1007065 145445     cutoff   54       132.09500   92.89348  29.7%  18.8  205s
 1025471 146016  115.79016   56   24  132.09500   93.20297  29.4%  18.8  210s
 1044198 146224  121.01898   58   19  132.09500   93.58913  29.2%  18.8  215s
 1062431 146079  128.64415   47   21  132.09500   94.00465  28.8%  18.8  220s
 1079606 145770  116.62521   63   28  132.09500   94.31461  28.6%  18.8  225s
 1097077 145697  104.51620   64   33  132.09500   94.71047  28.3%  18.8  230s
 1116118 145511  121.57977   59   21  132.09500   95.06100  28.0%  18.8  235s
 1133940 145393 infeasible   76       132.09500   95.38465  27.8%  18.8  240s
 1152716 145115  118.00000   60   23  132.09500   95.82295  27.5%  18.8  245s
 1171684 144985 infeasible   54       132.09500   96.13287  27.2%  18.9  250s
 1190355 144383   98.77115   61   17  132.09500   96.53549  26.9%  18.9  255s
 1208796 143824  120.30812   52   37  132.09500   96.98576  26.6%  18.9  260s
 1225895 143232  106.24032   61   17  132.09500   97.25736  26.4%  18.9  265s
 1243776 142493  102.50143   55   19  132.09500   97.67016  26.1%  18.9  270s
 1260815 141844     cutoff   57       132.09500   98.04394  25.8%  18.9  275s
 1278412 140935  107.38134   48   19  132.09500   98.36760  25.5%  18.9  280s
 1295600 139638  118.25304   67   23  132.09500   98.79479  25.2%  18.9  285s
 1310820 138568  109.74810   52   24  132.09500   99.07600  25.0%  18.9  290s
 1328287 137455  128.73278   63   24  132.09500   99.47447  24.7%  18.9  295s
 1343459 136195  113.06813   54   16  132.09500   99.88153  24.4%  18.9  300s
 1361173 134871     cutoff   62       132.09500  100.21676  24.1%  19.0  305s
 1374809 133832  104.71495   46    6  132.09500  100.54848  23.9%  19.0  310s
 1389902 132611  105.56458   53   27  132.09500  100.94800  23.6%  19.0  315s
 1406260 131049     cutoff   77       132.09500  101.24527  23.4%  19.0  320s
 1418587 129871  102.07900   48   18  132.09500  101.56957  23.1%  19.0  325s
 1425627 129115 infeasible   44       132.09500  101.77172  23.0%  19.0  330s
 1434334 128238     cutoff   87       132.09500  102.00000  22.8%  19.0  335s
 1442756 127315     cutoff   51       132.09500  102.14048  22.7%  19.0  340s
 1453545 126098  103.43306   58   22  132.09500  102.41749  22.5%  19.0  345s
 1462366 125073  119.44996   64   27  132.09500  102.66121  22.3%  19.0  350s
 1473227 123801     cutoff   48       132.09500  102.99475  22.0%  19.0  355s
 1483483 122725  113.26639   54   19  132.09500  103.16488  21.9%  19.0  360s
 1494058 121260  105.24658   62   30  132.09500  103.44715  21.7%  19.0  365s
 1502756 120113  132.00000   77   12  132.09500  103.70800  21.5%  19.0  370s
 1512898 118680 infeasible   57       132.09500  104.00590  21.3%  18.9  375s
 1521812 117384     cutoff   69       132.09500  104.19219  21.1%  18.9  380s
 1531413 115965  122.81214   55   23  132.09500  104.46600  20.9%  18.9  385s
 1540708 114687     cutoff   60       132.09500  104.75800  20.7%  18.9  390s
 1556819 112164 infeasible   64       132.09500  105.17950  20.4%  18.9  395s
 1572606 109449  121.60250   61   20  132.09500  105.70419  20.0%  18.9  400s
 1588000 106546     cutoff   52       132.09500  106.15089  19.6%  18.9  405s
 1602146 104063 infeasible   81       132.09500  106.63878  19.3%  18.9  410s
 1618013 101234 infeasible   75       132.09500  107.10723  18.9%  18.9  415s
 1633782 97947  118.11121   50   17  132.09500  107.71321  18.5%  18.9  420s
 1649480 94886     cutoff   67       132.09500  108.21348  18.1%  18.9  425s
 1665047 91267     cutoff   62       132.09500  108.88072  17.6%  18.9  430s
 1680302 87660     cutoff   50       132.09500  109.39788  17.2%  18.8  435s
 1694387 84159     cutoff   51       132.09500  110.02600  16.7%  18.8  440s
 1710412 79913 infeasible   62       132.09500  110.70475  16.2%  18.8  445s
 1724095 76150     cutoff   57       132.09500  111.28571  15.8%  18.8  450s
 1739848 71484     cutoff   56       132.09500  112.07700  15.2%  18.8  455s
 1757086 66268 infeasible   58       132.09500  113.03144  14.4%  18.8  460s
 1773141 60910     cutoff   54       132.09500  114.01865  13.7%  18.8  465s
 1787083 55557  125.08101   65   26  132.09500  115.00000  12.9%  18.8  470s
 1801134 49859  118.02270   43   18  132.09500  116.00000  12.2%  18.7  475s
 1816552 42815     cutoff   73       132.09500  117.26625  11.2%  18.7  480s
 1831198 36434     cutoff   56       132.09500  118.74590  10.1%  18.7  485s
 1846952 28177     cutoff   51       132.09500  120.65882  8.66%  18.7  490s
 1863495 18654     cutoff   63       132.09500  123.17063  6.76%  18.6  495s
 1881827  4364     cutoff   54       132.09500  128.40000  2.80%  18.6  500s

Cutting planes:
  Gomory: 27
  Cover: 41
  Implied bound: 122
  Projected implied bound: 5
  MIR: 446
  Mixing: 3
  StrongCG: 24
  Flow cover: 945
  Inf proof: 433
  Zero half: 3
  Mod-K: 1
  RLT: 86
  Relax-and-lift: 73
  BQP: 1
  PSD: 12

Explored 1887911 nodes (35025865 simplex iterations) in 501.24 seconds (275.62 work units)
Thread count was 16 (of 16 available processors)

Solution count 10: 132.095 132.095 135.09 ... 210.114

Optimal solution found (tolerance 1.00e-02)
Best objective 1.320950000000e+02, best bound 1.313866915934e+02, gap 0.5362%
