
Gurobi 12.0.0 (win64) logging started Mon May  4 22:12:18 2026

Set parameter LogFile to value "C:\Users\Asus\Documents\GitHub\logistics-model2\internal-logistics-model2\results\SR_SV_WT\case1\result_SR_SV_WT_case1_P12_eps9999_2026_05_04_22_12.log"
Gurobi Optimizer version 12.0.0 build v12.0.0rc1 (win64 - Windows 10.0 (19045.2))

CPU model: 12th Gen Intel(R) Core(TM) i7-12650H, instruction set [SSE2|AVX|AVX2]
Thread count: 10 physical cores, 16 logical processors, using up to 16 threads

Non-default parameters:
TimeLimit  600
MIPGap  0.01
Presolve  2

Optimize a model with 3901 rows, 1137 columns and 19997 nonzeros
Model fingerprint: 0x36b5faf0
Variable types: 165 continuous, 972 integer (942 binary)
Coefficient statistics:
  Matrix range     [1e+00, 5e+02]
  Objective range  [1e-03, 1e+00]
  Bounds range     [1e+00, 3e+01]
  RHS range        [1e+00, 1e+04]
Presolve removed 1558 rows and 450 columns
Presolve time: 0.04s
Presolved: 2343 rows, 687 columns, 18941 nonzeros
Variable types: 75 continuous, 612 integer (588 binary)
Root relaxation presolve removed 26 rows and 0 columns
Root relaxation presolved: 2317 rows, 712 columns, 18891 nonzeros


Root relaxation: objective 3.600000e+01, 276 iterations, 0.02 seconds (0.03 work units)

    Nodes    |    Current Node    |     Objective Bounds      |     Work
 Expl Unexpl |  Obj  Depth IntInf | Incumbent    BestBd   Gap | It/Node Time

     0     0   36.00000    0   29          -   36.00000      -     -    0s
H    0     0                    1018.9990000   36.00000  96.5%     -    0s
     0     0   36.00000    0   62 1018.99900   36.00000  96.5%     -    0s
H    0     0                    1009.1830000   36.00000  96.4%     -    0s
     0     0   36.00000    0   64 1009.18300   36.00000  96.4%     -    0s
     0     0   36.00000    0   33 1009.18300   36.00000  96.4%     -    0s
     0     0   36.00000    0   47 1009.18300   36.00000  96.4%     -    0s
     0     0   36.00000    0   54 1009.18300   36.00000  96.4%     -    0s
     0     0   36.00000    0   51 1009.18300   36.00000  96.4%     -    0s
     0     0   36.00000    0   36 1009.18300   36.00000  96.4%     -    0s
     0     0   36.00000    0   36 1009.18300   36.00000  96.4%     -    0s
H    0     0                     998.1850000   36.00000  96.4%     -    0s
     0     2   36.00000    0   28  998.18500   36.00000  96.4%     -    0s
H   88   103                     984.1840000   36.00000  96.3%   145    0s
H  448   481                     978.1830000   36.00000  96.3%  72.7    1s
H  466   481                     963.1800000   36.00000  96.3%  71.0    1s
H 1168  1181                     937.1780000   36.00000  96.2%  46.0    3s
  2238  2065  305.05700  133  109  937.17800   82.72006  91.2%  39.7    5s
H 2261  1975                     917.1780000   85.58437  90.7%  39.3    5s
H 2328  1920                     907.1780000   87.45669  90.4%  43.5    7s
H 2402  1904                     712.1660000   89.67534  87.4%  48.3    9s
  2433  1917   90.09069   43  108  712.16600   89.67534  87.4%  48.5   10s
H 2561  1895                     706.1660000   89.67534  87.3%  50.4   10s
H 2645  1875                     640.1570000   89.67534  86.0%  51.4   10s
H 2749  1842                     636.1490000   89.67534  85.9%  52.4   10s
H 4104  2674                     575.1440000   89.67534  84.4%  54.2   11s
H 5654  3635                     573.1450000   89.67534  84.4%  51.3   12s
H 7043  4382                     571.1400000   89.97917  84.2%  50.2   13s
 12447 10008  109.36832   75   78  571.14000   90.86051  84.1%  41.7   15s
H14138 10539                     558.1380000   90.86051  83.7%  40.3   15s
H26344 20890                     544.1390000   92.27845  83.0%  34.6   19s
 28531 23720  132.71454   80   49  544.13900   92.33281  83.0%  34.1   20s
H36661 29579                     540.1360000   92.59670  82.9%  32.9   22s
H39412 33206                     534.1350000   92.63001  82.7%  32.4   24s
 40904 33207   97.98228   62   36  534.13500   92.65648  82.7%  32.0   31s
 40938 33230  322.19816  150  125  534.13500   94.19982  82.4%  32.0   35s
H40960 31580                     534.1330000   95.13850  82.2%  31.9   37s
H40965 30004                     533.1360000   95.13850  82.2%  31.9   38s
H40966 28503                     528.1430000   95.19893  82.0%  31.9   38s
 40981 28513  169.50324  173  150  528.14300   95.39781  81.9%  31.9   40s
 41019 28539  158.18886  128  161  528.14300   95.90437  81.8%  31.9   45s
H41026 27114                     522.1350000   95.90582  81.6%  31.9   46s
H41027 25757                     519.1340000   95.90582  81.5%  31.9   46s
 41049 25772   96.04149   55  158  519.13400   96.04149  81.5%  31.9   50s
H41049 24481                     514.1410000   96.12179  81.3%  31.9   50s
 41080 24501  173.10876   58  151  514.14100   96.12179  81.3%  31.8   55s
H41099 23285                     511.1370000   96.13478  81.2%  31.8   58s
 41105 23292   96.16727   49  135  511.13700   96.13478  81.2%  32.2   60s
H41478 22389                     507.1370000   97.16119  80.8%  33.4   64s
 41730 22607  111.58333   68   85  507.13700   97.16119  80.8%  33.7   65s
 44996 24780  161.36705  151   52  507.13700   97.29706  80.8%  35.8   70s
 51646 28468  143.14033  111   37  507.13700   98.44429  80.6%  37.2   75s
 60712 33171  104.47117   67   85  507.13700   99.25829  80.4%  38.7   80s
 68159 37665  140.45875  136   55  507.13700   99.61629  80.4%  38.8   85s
 74267 40242  100.92021   64  100  507.13700   99.85690  80.3%  40.0   90s
 79584 44825  152.95319  102   64  507.13700  100.05019  80.3%  39.5   95s
 89076 49047  191.05999  159   56  507.13700  100.23694  80.2%  39.2  100s
 100155 54758  104.07097   71   98  507.13700  100.44372  80.2%  38.4  105s
 109631 60034  164.86316  147   43  507.13700  100.57981  80.2%  37.7  110s
 121359 69868  104.79898   81   92  507.13700  100.64500  80.2%  37.0  115s
 129865 77489  131.91415   93   58  507.13700  100.78205  80.1%  36.6  120s
 131294 77792  153.63555   71   48  507.13700  100.78818  80.1%  36.6  125s
 134512 81525  101.91808   68   98  507.13700  100.83136  80.1%  36.6  130s
 142650 89748  108.60127   84   88  507.13700  100.90658  80.1%  36.4  135s
 150417 96168  163.03714   98   43  507.13700  100.95053  80.1%  36.5  140s
 158966 101573  320.42243  150   42  507.13700  101.02887  80.1%  36.5  145s
 163549 107208  134.01564  141   55  507.13700  101.03304  80.1%  36.7  150s
 170733 113457  307.57071  167   26  507.13700  101.07798  80.1%  36.4  155s
 178028 119298  147.84646  159   59  507.13700  101.14631  80.1%  36.3  160s
 184155 124989  116.80407   79   97  507.13700  101.18275  80.0%  36.1  166s
 191641 130998  111.04421   84   81  507.13700  101.20367  80.0%  36.0  170s
 199274 137480  131.89849  134   54  507.13700  101.27021  80.0%  36.2  176s
 206136 141627  141.12101  101   37  507.13700  101.31661  80.0%  36.0  180s
 209240 145980  242.99186  215   46  507.13700  101.33808  80.0%  36.1  185s
 217333 151249  105.04139   71   89  507.13700  101.39418  80.0%  35.9  190s
 220503 154622  107.04368   76   76  507.13700  101.40980  80.0%  36.0  195s
 226038 160443  460.20472  156   26  507.13700  101.43703  80.0%  36.0  200s
 234776 166829  132.40048  104   48  507.13700  101.48647  80.0%  35.7  205s
 241040 172507  110.32606   70   78  507.13700  101.51641  80.0%  35.7  210s
 249882 181060  305.51174  221   19  507.13700  101.56341  80.0%  35.5  216s
 256197 185059  109.66242   92   72  507.13700  101.59819  80.0%  35.4  220s
 261946 190672  153.52477  126   47  507.13700  101.59821  80.0%  35.2  225s
 267340 195318  130.56219  127   66  507.13700  101.59821  80.0%  35.1  231s
 270596 199298  186.14506  176   44  507.13700  101.65449  80.0%  35.1  236s
 274111 201475  118.79971  133   80  507.13700  101.66603  80.0%  35.1  240s
 278247 205256  302.57277  160   38  507.13700  101.68656  79.9%  35.1  247s
 281148 206520  105.70198   80   68  507.13700  101.70155  79.9%  35.1  252s
 283407 209991  103.82452   70   91  507.13700  101.71156  79.9%  35.1  257s
 287274 213389  103.51535   70   94  507.13700  101.72777  79.9%  35.0  261s
 290782 215078  139.02448   82   41  507.13700  101.72777  79.9%  34.9  266s
 294140 218104  109.34270   68   88  507.13700  101.76784  79.9%  34.9  271s
 297397 221862  116.28252  120   59  507.13700  101.76784  79.9%  34.9  276s
 300581 223882  107.14335   80   68  507.13700  101.78766  79.9%  34.8  280s
 302654 225039  128.83594  134   61  507.13700  101.79091  79.9%  34.8  286s
 303865 227045  178.73451   94   51  507.13700  101.79943  79.9%  34.8  291s
 306584 229662  117.62491  134   67  507.13700  101.80018  79.9%  34.8  296s
 310618 232276  123.90205  147   49  507.13700  101.82687  79.9%  34.7  301s
 312672 235428  127.75593  106   98  507.13700  101.85212  79.9%  34.8  307s
 317066 237030  108.23685   64   53  507.13700  101.86204  79.9%  34.7  311s
 317290 237688  114.79739   65   49  507.13700  101.86204  79.9%  34.7  316s
 318819 239627  102.29847   70   92  507.13700  101.86380  79.9%  34.7  320s
 326036 246002  145.65806  250   69  507.13700  101.89771  79.9%  34.7  325s
 333049 252098  146.26362   95   51  507.13700  101.93651  79.9%  34.6  331s
 335043 253957  107.29081   81   85  507.13700  101.93872  79.9%  34.7  335s
 338536 256949  108.18950   62   77  507.13700  101.96050  79.9%  34.6  340s
 343712 259965  141.66918   96   48  507.13700  101.96175  79.9%  34.6  346s
 346400 262223  295.59488  134   24  507.13700  101.96990  79.9%  34.7  350s
 352680 268104  110.51312   73   73  507.13700  102.03113  79.9%  34.7  356s
 359497 273385  108.59854   77   84  507.13700  102.03113  79.9%  34.6  360s
 364708 278633  150.52232  150   65  507.13700  102.05743  79.9%  34.6  366s
 371604 283940  104.72360   75   92  507.13700  102.08676  79.9%  34.5  370s
 375428 287314  132.49493  126   67  507.13700  102.08756  79.9%  34.5  375s
 382928 294829  111.15377   66   78  507.13700  102.10568  79.9%  34.4  381s
 389962 299851  196.31342  187   44  507.13700  102.11538  79.9%  34.3  385s
 395088 304168  119.87186   87   69  507.13700  102.11538  79.9%  34.4  390s
 397955 313283  106.87153   89   71  507.13700  102.16075  79.9%  34.4  399s
 400133 313283  129.66493  196   69  507.13700  102.16075  79.9%  34.4  400s
 411866 318752  119.91336   85   65  507.13700  102.18179  79.9%  34.3  405s
 417494 323820  145.44713  116   38  507.13700  102.21365  79.8%  34.3  410s
 425319 331035  103.76176   68  117  507.13700  102.24505  79.8%  34.3  415s
 430698 334970  104.33239   76   79  507.13700  102.25540  79.8%  34.3  420s
 436327 339854  107.93646   97   54  507.13700  102.27097  79.8%  34.3  425s
 441561 343177  198.41189  165   52  507.13700  102.28383  79.8%  34.3  431s
 441638 343229  210.84087  169   43  507.13700  102.28577  79.8%  34.3  436s
 441671 343315  237.27321  171   36  507.13700  102.28577  79.8%  34.3  440s
 442491 346112  237.79816  173   35  507.13700  102.28713  79.8%  34.3  446s
 446670 348764  167.36001  180   42  507.13700  102.29261  79.8%  34.3  450s
 449138 351532  114.56228   78   73  507.13700  102.30442  79.8%  34.3  455s
 453739 355316  138.38842  125   53  507.13700  102.32064  79.8%  34.4  460s
 458865 360699  139.38022  109   48  507.13700  102.33228  79.8%  34.4  465s
 466402 365227  142.91166   82   50  507.13700  102.35650  79.8%  34.3  470s
 473028 369716  146.09437  206   50  507.13700  102.37197  79.8%  34.4  476s
 475836 372726  109.87334   70   69  507.13700  102.37245  79.8%  34.4  481s
 480350 378145  108.83908   66   69  507.13700  102.39081  79.8%  34.5  486s
 487658 382828  102.83910   70  118  507.13700  102.40795  79.8%  34.4  490s
 491742 387773  111.81201   89   90  507.13700  102.40846  79.8%  34.4  495s
 498792 392098  105.90013   66   79  507.13700  102.43394  79.8%  34.4  500s
 503087 397398  157.14809  216   44  507.13700  102.43394  79.8%  34.5  506s
 505690 405734  130.43783  156   69  507.13700  102.45017  79.8%  34.4  516s
 515290 408309  243.19263   74   50  507.13700  102.46802  79.8%  34.4  521s
 520961 412451  109.06686  102   65  507.13700  102.49577  79.8%  34.4  525s
 527744 418716  111.03849   85   65  507.13700  102.51233  79.8%  34.3  531s
 535502 424288  129.86787   85   63  507.13700  102.52798  79.8%  34.3  535s
 542360 429469  135.96718  168   62  507.13700  102.53138  79.8%  34.2  541s
 548257 435402  105.65691   82   83  507.13700  102.55553  79.8%  34.2  546s
 552234 438571  105.62517   71   89  507.13700  102.56682  79.8%  34.2  550s
 558561 443475  282.39093  130   36  507.13700  102.57651  79.8%  34.2  555s
 563491 447554  143.06422   85   48  507.13700  102.58631  79.8%  34.2  560s
 569505 454056  333.75223  217   26  507.13700  102.59158  79.8%  34.2  566s
 574133 457179  132.49366  113   59  507.13700  102.61093  79.8%  34.2  570s
 579087 460760  125.07812  108   74  507.13700  102.62453  79.8%  34.1  575s
 583437 465583  129.37744   95   49  507.13700  102.63564  79.8%  34.1  580s
 591314 472931  145.41394  181   47  507.13700  102.64936  79.8%  34.1  586s
 595424 475841  119.79682   86   69  507.13700  102.65320  79.8%  34.0  590s
 602419 481684  107.05558   65  102  507.13700  102.66113  79.8%  34.0  595s
 608037 485480  106.88117   70   61  507.13700  102.66789  79.8%  34.0  600s

Cutting planes:
  Learned: 32
  Gomory: 34
  Cover: 36
  Implied bound: 273
  Projected implied bound: 8
  MIR: 980
  Mixing: 7
  StrongCG: 30
  Flow cover: 2138
  GUB cover: 2
  Inf proof: 45
  Zero half: 12
  RLT: 307
  Relax-and-lift: 445
  BQP: 5
  PSD: 23

Explored 608637 nodes (20672165 simplex iterations) in 600.12 seconds (405.27 work units)
Thread count was 16 (of 16 available processors)

Solution count 10: 507.137 511.137 514.141 ... 540.136

Time limit reached
Best objective 5.071370000000e+02, best bound 1.026678931254e+02, gap 79.7554%
