
Gurobi 12.0.0 (win64) logging started Mon May  4 23:47:17 2026

Set parameter LogFile to value "C:\Users\Asus\Documents\GitHub\logistics-model2\internal-logistics-model2\results\SR_SV_WT\case1\result_SR_SV_WT_case1_P6_eps89_2026_05_04_23_47.log"
Gurobi Optimizer version 12.0.0 build v12.0.0rc1 (win64 - Windows 10.0 (19045.2))

CPU model: 12th Gen Intel(R) Core(TM) i7-12650H, instruction set [SSE2|AVX|AVX2]
Thread count: 10 physical cores, 16 logical processors, using up to 16 threads

Non-default parameters:
TimeLimit  600
MIPGap  0.01
Presolve  2

Optimize a model with 3859 rows, 1125 columns and 19511 nonzeros
Model fingerprint: 0xf1ed0cd4
Variable types: 159 continuous, 966 integer (936 binary)
Coefficient statistics:
  Matrix range     [1e+00, 5e+02]
  Objective range  [1e-03, 1e+00]
  Bounds range     [1e+00, 3e+01]
  RHS range        [1e+00, 5e+02]
Presolve removed 3287 rows and 925 columns
Presolve time: 0.01s
Presolved: 572 rows, 200 columns, 3296 nonzeros
Variable types: 38 continuous, 162 integer (150 binary)
Root relaxation presolve removed 2 rows and 0 columns
Root relaxation presolved: 570 rows, 201 columns, 3282 nonzeros


Root relaxation: objective 1.800000e+01, 85 iterations, 0.01 seconds (0.00 work units)

    Nodes    |    Current Node    |     Objective Bounds      |     Work
 Expl Unexpl |  Obj  Depth IntInf | Incumbent    BestBd   Gap | It/Node Time

     0     0   18.00000    0   23          -   18.00000      -     -    0s
     0     0   18.00000    0   32          -   18.00000      -     -    0s
     0     0   18.00000    0   31          -   18.00000      -     -    0s
     0     0   18.00000    0   35          -   18.00000      -     -    0s
     0     0   18.00000    0   29          -   18.00000      -     -    0s
     0     0   18.15730    0   45          -   18.15730      -     -    0s
     0     0   26.08777    0   28          -   26.08777      -     -    0s
     0     0   30.35775    0   30          -   30.35775      -     -    0s
     0     0   30.36697    0   30          -   30.36697      -     -    0s
     0     0   36.43150    0   40          -   36.43150      -     -    0s
     0     0   37.37358    0   43          -   37.37358      -     -    0s
     0     0   37.37358    0   45          -   37.37358      -     -    0s
     0     0   38.30665    0   45          -   38.30665      -     -    0s
     0     0   39.78976    0   36          -   39.78976      -     -    0s
     0     0   39.82046    0   37          -   39.82046      -     -    0s
     0     0   40.56887    0   51          -   40.56887      -     -    0s
     0     0   40.76414    0   50          -   40.76414      -     -    0s
     0     0   40.78912    0   50          -   40.78912      -     -    0s
     0     0   41.19750    0   50          -   41.19750      -     -    0s
     0     0   41.19750    0   52          -   41.19750      -     -    0s
     0     0   41.19750    0   52          -   41.19750      -     -    0s
     0     0   41.19750    0   54          -   41.19750      -     -    0s
     0     0   41.19750    0   56          -   41.19750      -     -    0s
     0     0   41.19750    0   56          -   41.19750      -     -    0s
     0     0   41.19750    0   57          -   41.19750      -     -    0s
     0     0   41.19750    0   57          -   41.19750      -     -    0s
     0     0   41.19750    0   56          -   41.19750      -     -    0s
     0     2   41.25843    0   56          -   41.25843      -     -    0s
* 6909  3375              41     144.0890000   51.15587  64.5%  13.6    1s
H 7544  3499                     143.0890000   51.53394  64.0%  13.7    1s
 35878 14174  113.00625   38   22  143.08900   60.57726  57.7%  20.7    5s
 41700 15859   91.40285   37   64  143.08900   61.64289  56.9%  20.9   10s
H42011 15256                     139.0870000   61.64289  55.7%  21.2   11s
H42632 14709                     136.0860000   61.64289  54.7%  21.3   11s
 63131 17421 infeasible   65       136.08600   63.46178  53.4%  22.2   15s
 89306 20181   79.71058   42   23  136.08600   67.57973  50.3%  22.5   20s
 111114 27396   77.39691   56   29  136.08600   69.83229  48.7%  22.6   25s
 132039 33707     cutoff   44       136.08600   71.46187  47.5%  22.7   30s
 150567 39121 infeasible   43       136.08600   72.73447  46.6%  22.6   35s
 168976 44359   80.72108   64   41  136.08600   73.77632  45.8%  22.5   40s
 186054 48859  101.32413   46   20  136.08600   74.76472  45.1%  22.5   45s
 202064 52990  112.05639   57   13  136.08600   75.57850  44.5%  22.5   50s
 217366 56780   81.23789   66   38  136.08600   76.32358  43.9%  22.5   55s
 232901 60636   88.47289   59   33  136.08600   76.98825  43.4%  22.4   60s
 247938 63923   99.70339   46   19  136.08600   77.60366  43.0%  22.5   65s
 261062 67065   82.96871   60   35  136.08600   78.15892  42.6%  22.5   70s
 276342 70334   83.33820   57   34  136.08600   78.77401  42.1%  22.6   75s
 287714 72852   91.69087   53   29  136.08600   79.20386  41.8%  22.6   80s
 301088 75851  115.66301   74   24  136.08600   79.75214  41.4%  22.6   85s
 313416 78197 infeasible   74       136.08600   80.15333  41.1%  22.6   90s
 322342 80141   83.26334   68   40  136.08600   80.47090  40.9%  22.7   95s
 333853 82423  113.44005   62   15  136.08600   80.84734  40.6%  22.7  100s
 344272 84744  128.69189   56   26  136.08600   81.20939  40.3%  22.7  105s
 351013 86286 infeasible   66       136.08600   81.44313  40.2%  22.7  110s
 358211 87652  110.21281   72   14  136.08600   81.68276  40.0%  22.7  115s
 366606 89314  100.50194   57   34  136.08600   81.93359  39.8%  22.7  120s
 373758 90450 infeasible   69       136.08600   82.13223  39.6%  22.7  125s
 381061 91865     cutoff   66       136.08600   82.38050  39.5%  22.7  130s
 389242 93406  122.50410   39   11  136.08600   82.62902  39.3%  22.7  135s
 396165 94622  126.94948   51   28  136.08600   82.80225  39.2%  22.7  140s
 402572 95796  110.24623   42   21  136.08600   82.99472  39.0%  22.7  145s
 410802 97152  113.60047   46   16  136.08600   83.20654  38.9%  22.7  151s
 416514 98206  115.46895   41   33  136.08600   83.36436  38.7%  22.7  155s
 423251 99318     cutoff   53       136.08600   83.57537  38.6%  22.7  160s
 431608 100841  111.53269   49   41  136.08600   83.83140  38.4%  22.8  166s
 437840 102040   86.67100   48   18  136.08600   84.00209  38.3%  22.8  170s
 444906 103236 infeasible   81       136.08600   84.17957  38.1%  22.8  175s
 451608 104445  106.93403   48   32  136.08600   84.35953  38.0%  22.8  180s
 458504 105701 infeasible   71       136.08600   84.54970  37.9%  22.8  185s
 465532 106693  110.47903   69   25  136.08600   84.70123  37.8%  22.7  190s
 472495 107944 infeasible   54       136.08600   84.88727  37.6%  22.7  195s
 480713 109403   93.80535   69   23  136.08600   85.07278  37.5%  22.8  201s
 487420 110535     cutoff   50       136.08600   85.23940  37.4%  22.8  205s
 494104 111663   89.60617   50   33  136.08600   85.39833  37.2%  22.8  210s
 500851 112883  122.05330   55   14  136.08600   85.58306  37.1%  22.8  215s
 509482 114161  115.11448   62   28  136.08600   85.79610  37.0%  22.8  220s
H510871 114582                     136.0859991   85.79748  37.0%  22.8  221s
 519362 115927   94.91310   42   23  136.08600   86.02544  36.8%  22.8  225s
 531956 118005   93.00597   44   19  136.08600   86.32475  36.6%  22.7  230s
 544163 119829   91.43564   54   33  136.08600   86.60745  36.4%  22.7  235s
 554443 121414     cutoff   69       136.08600   86.85723  36.2%  22.7  240s
 565454 123118   97.47206   50   31  136.08600   87.07273  36.0%  22.7  245s
 577761 124933     cutoff   47       136.08600   87.36247  35.8%  22.7  250s
 589435 126639 infeasible   66       136.08600   87.59562  35.6%  22.6  255s
 599375 127947  101.34737   60   39  136.08600   87.79142  35.5%  22.6  260s
 610146 129380  122.55893   40   12  136.08600   88.04325  35.3%  22.6  265s
 620171 130796  105.00000   58   30  136.08600   88.22635  35.2%  22.6  270s
 630670 132397   97.24665   53   19  136.08600   88.43757  35.0%  22.6  275s
 641142 133784  110.91743   59   19  136.08600   88.65370  34.9%  22.6  280s
 651530 135303  132.65440   59   20  136.08600   88.87025  34.7%  22.6  285s
 660390 136661 infeasible   69       136.08600   88.98978  34.6%  22.6  290s
 669379 137947 infeasible   57       136.08600   89.19967  34.5%  22.6  295s
 679355 139123  118.52713   51   19  136.08600   89.40308  34.3%  22.5  300s
 689707 140290  124.66593   64   11  136.08600   89.59214  34.2%  22.5  305s
 700229 141929     cutoff   71       136.08600   89.77547  34.0%  22.5  310s
 712155 143361  101.11053   38   19  136.08600   90.02006  33.9%  22.5  315s
 720657 144373 infeasible   66       136.08600   90.16381  33.7%  22.5  320s
 727826 145269  102.27076   58   25  136.08600   90.27563  33.7%  22.5  325s
 739205 146489 infeasible   50       136.08600   90.48126  33.5%  22.5  331s
 744266 147241 infeasible   48       136.08600   90.57814  33.4%  22.5  335s
 751319 147953  113.36595   61   35  136.08600   90.71725  33.3%  22.5  340s
 758418 148736 infeasible   67       136.08600   90.83983  33.2%  22.5  346s
 763453 149294  116.58371   54   15  136.08600   90.93608  33.2%  22.5  350s
 770510 150068  104.32860   49   25  136.08600   91.05402  33.1%  22.4  355s
 775032 150566   93.13937   50   29  136.08600   91.10367  33.1%  22.4  360s
 780292 151170   92.65775   38   32  136.08600   91.20348  33.0%  22.4  365s
 787101 151700     cutoff   68       136.08600   91.33174  32.9%  22.4  370s
 793753 152444  102.73978   58   25  136.08600   91.44926  32.8%  22.4  376s
 799023 152944  124.56811   47   31  136.08600   91.53524  32.7%  22.4  380s
 805852 153636     cutoff   71       136.08600   91.65884  32.6%  22.4  386s
 810975 154139   92.80221   60   13  136.08600   91.74696  32.6%  22.4  390s
 816161 154643  104.83237   58   21  136.08600   91.84650  32.5%  22.4  395s
 822789 155260     cutoff   63       136.08600   91.98144  32.4%  22.4  401s
 827724 155800 infeasible   59       136.08600   92.05700  32.4%  22.4  405s
 833150 156437     cutoff   69       136.08600   92.13828  32.3%  22.4  410s
 840094 157158 infeasible   54       136.08600   92.25409  32.2%  22.4  415s
 846878 157615  114.62124   62   26  136.08600   92.38143  32.1%  22.4  420s
 854591 158385  125.39553   49   28  136.08600   92.51793  32.0%  22.4  425s
 863528 159206     cutoff   68       136.08600   92.68960  31.9%  22.4  430s
 872352 160158  113.84225   62   26  136.08600   92.85619  31.8%  22.4  435s
 882994 161059 infeasible   56       136.08600   93.03075  31.6%  22.4  441s
 891078 161824 infeasible   48       136.08600   93.16168  31.5%  22.4  445s
 899691 162506   93.97591   57   30  136.08600   93.30022  31.4%  22.4  450s
 908136 163236  117.00000   73   17  136.08600   93.43592  31.3%  22.4  455s
 913029 163612 infeasible   53       136.08600   93.52877  31.3%  22.4  460s
 918111 163910     cutoff   59       136.08600   93.61744  31.2%  22.4  465s
 923123 164268  135.73008   62   30  136.08600   93.71817  31.1%  22.4  470s
 928168 164635  106.67371   51   20  136.08600   93.81948  31.1%  22.4  475s
 934496 165194     cutoff   55       136.08600   93.93130  31.0%  22.4  480s
 943272 165776     cutoff   63       136.08600   94.07567  30.9%  22.4  485s
 950408 166109  107.69883   47   23  136.08600   94.20300  30.8%  22.4  490s
 955892 166479 infeasible   52       136.08600   94.26927  30.7%  22.4  496s
 964386 167165  126.99645   62   20  136.08600   94.45835  30.6%  22.4  500s
 973886 167795  105.84468   54   22  136.08600   94.63527  30.5%  22.4  505s
 984100 168462  112.17751   44   18  136.08600   94.82635  30.3%  22.5  510s
 992687 168900  115.75488   56   26  136.08600   94.96498  30.2%  22.4  515s
 1001289 169315     cutoff   51       136.08600   95.09354  30.1%  22.5  521s
 1006634 169725   99.44606   58   35  136.08600   95.18843  30.1%  22.5  526s
 1012166 169952   98.83510   47   23  136.08600   95.27317  30.0%  22.5  531s
 1017174 170285 infeasible   47       136.08600   95.37110  29.9%  22.5  536s
 1022113 170530     cutoff   50       136.08600   95.45260  29.9%  22.5  540s
 1028625 170971  132.07000   50   13  136.08600   95.56790  29.8%  22.5  546s
 1033737 171303 infeasible   49       136.08600   95.65761  29.7%  22.5  550s
 1038052 171409  118.56198   61   20  136.08600   95.72733  29.7%  22.5  555s
 1044749 171797  121.24302   51   35  136.08600   95.86500  29.6%  22.5  560s
 1053186 172227  129.66543   54   22  136.08600   96.00196  29.5%  22.5  565s
 1060052 172455     cutoff   70       136.08600   96.09460  29.4%  22.5  570s
 1064740 172721  108.77635   55   23  136.08600   96.18458  29.3%  22.5  575s
 1070117 172906 infeasible   57       136.08600   96.27178  29.3%  22.5  580s
 1075010 172995  133.15776   53   27  136.08600   96.36012  29.2%  22.5  585s
 1079769 173118  115.98088   49   23  136.08600   96.46195  29.1%  22.5  590s
 1085895 173335  128.01747   58   23  136.08600   96.57668  29.0%  22.5  596s
 1089450 173322  123.67443   73   26  136.08600   96.64165  29.0%  22.5  600s

Cutting planes:
  Learned: 25
  Gomory: 25
  Cover: 29
  Implied bound: 110
  Projected implied bound: 2
  Clique: 4
  MIR: 626
  Mixing: 132
  StrongCG: 34
  Flow cover: 2245
  Inf proof: 241
  Zero half: 15
  RLT: 123
  Relax-and-lift: 131
  PSD: 17

Explored 1090923 nodes (24609258 simplex iterations) in 600.11 seconds (212.17 work units)
Thread count was 16 (of 16 available processors)

Solution count 5: 136.086 136.086 139.087 ... 144.089

Time limit reached
Best objective 1.360859990961e+02, best bound 9.667533013822e+01, gap 28.9601%
