
Gurobi 12.0.0 (win64) logging started Mon May  4 23:35:55 2026

Set parameter LogFile to value "C:\Users\Asus\Documents\GitHub\logistics-model2\internal-logistics-model2\results\SR_SV_WT\case1\result_SR_SV_WT_case1_P6_eps94_2026_05_04_23_35.log"
Gurobi Optimizer version 12.0.0 build v12.0.0rc1 (win64 - Windows 10.0 (19045.2))

CPU model: 12th Gen Intel(R) Core(TM) i7-12650H, instruction set [SSE2|AVX|AVX2]
Thread count: 10 physical cores, 16 logical processors, using up to 16 threads

Non-default parameters:
TimeLimit  600
MIPGap  0.01
Presolve  2

Optimize a model with 3859 rows, 1125 columns and 19511 nonzeros
Model fingerprint: 0x0de17acb
Variable types: 159 continuous, 966 integer (936 binary)
Coefficient statistics:
  Matrix range     [1e+00, 5e+02]
  Objective range  [1e-03, 1e+00]
  Bounds range     [1e+00, 3e+01]
  RHS range        [1e+00, 5e+02]
Presolve removed 3287 rows and 925 columns
Presolve time: 0.13s
Presolved: 572 rows, 200 columns, 3296 nonzeros
Variable types: 38 continuous, 162 integer (150 binary)
Root relaxation presolve removed 2 rows and 0 columns
Root relaxation presolved: 570 rows, 201 columns, 3282 nonzeros


Root relaxation: objective 1.800000e+01, 85 iterations, 0.04 seconds (0.00 work units)

    Nodes    |    Current Node    |     Objective Bounds      |     Work
 Expl Unexpl |  Obj  Depth IntInf | Incumbent    BestBd   Gap | It/Node Time

     0     0   18.00000    0   23          -   18.00000      -     -    0s
     0     0   18.00000    0   34          -   18.00000      -     -    0s
     0     0   18.00000    0   32          -   18.00000      -     -    0s
     0     0   18.00000    0   30          -   18.00000      -     -    0s
     0     0   18.00000    0   22          -   18.00000      -     -    0s
     0     0   21.83597    0   29          -   21.83597      -     -    0s
     0     0   22.01989    0   31          -   22.01989      -     -    0s
     0     0   22.01989    0   30          -   22.01989      -     -    0s
     0     0   30.16441    0   43          -   30.16441      -     -    0s
     0     0   30.92620    0   45          -   30.92620      -     -    0s
     0     0   31.31721    0   44          -   31.31721      -     -    0s
     0     0   31.31721    0   44          -   31.31721      -     -    0s
     0     0   37.61444    0   36          -   37.61444      -     -    0s
     0     0   40.83261    0   42          -   40.83261      -     -    0s
     0     0   40.83276    0   39          -   40.83276      -     -    0s
     0     0   41.70945    0   44          -   41.70945      -     -    0s
     0     0   41.91612    0   43          -   41.91612      -     -    0s
     0     0   41.91612    0   44          -   41.91612      -     -    0s
     0     0   41.91612    0   44          -   41.91612      -     -    0s
     0     0   42.27288    0   45          -   42.27288      -     -    0s
     0     0   42.42559    0   43          -   42.42559      -     -    0s
     0     0   42.42665    0   45          -   42.42665      -     -    0s
     0     0   42.47923    0   41          -   42.47923      -     -    0s
     0     0   42.48177    0   41          -   42.48177      -     -    0s
     0     0   42.53721    0   38          -   42.53721      -     -    0s
     0     0   42.57022    0   42          -   42.57022      -     -    0s
     0     0   42.57022    0   42          -   42.57022      -     -    0s
     0     0   42.57022    0   42          -   42.57022      -     -    0s
     0     0   42.60398    0   42          -   42.60398      -     -    0s
     0     0   42.60398    0   39          -   42.60398      -     -    0s
     0     2   42.62770    0   39          -   42.62770      -     -    0s
* 8225  4030              44     217.0930000   53.14504  75.5%  16.8    2s
H 8909  4314                     212.0940000   53.14504  74.9%  17.2    2s
H 9168  4276                     170.0930000   53.67727  68.4%  17.6    2s
H 9186  4255                     165.0940000   53.67727  67.5%  17.7    2s
H 9214  4346                     163.0940000   53.67727  67.1%  17.7    2s
H 9279  4251                     146.0930000   53.67727  63.3%  17.8    2s
H 9747  4381                     145.0930000   53.77840  62.9%  18.1    2s
H 9973  4518                     144.0920000   53.77840  62.7%  18.2    2s
H11178  4901                     139.0870000   54.61925  60.7%  19.1    2s
H24774 10060                     136.0860000   59.89117  56.0%  21.6    4s
 30038 12718     cutoff   66       136.08600   61.28578  55.0%  21.8    5s
 41195 16136   65.88297   28   68  136.08600   63.23330  53.5%  22.3   10s
 54916 18189   98.33058   48   31  136.08600   63.23330  53.5%  22.5   15s
*57648 17226              42     135.0900000   63.41947  53.1%  22.5   15s
 87238 18824   79.54191   48   25  135.09000   68.81253  49.1%  22.0   20s
 111334 26618   75.00469   52   36  135.09000   71.24288  47.3%  21.9   25s
 134634 33749   88.77425   49   24  135.09000   73.04931  45.9%  21.8   30s
 158453 40440  107.69244   66   17  135.09000   74.30214  45.0%  21.6   35s
 178092 45262   91.25815   55   20  135.09000   75.30316  44.3%  21.5   40s
 197924 50193   97.67907   36   28  135.09000   76.22799  43.6%  21.4   45s
 217900 54937   91.02488   52   31  135.09000   77.06278  43.0%  21.3   50s
 234638 59161 infeasible   61       135.09000   77.74557  42.4%  21.3   55s
 252608 63289  112.92665   57   15  135.09000   78.46853  41.9%  21.3   60s
 268634 66606  104.93375   71   31  135.09000   79.09133  41.5%  21.3   65s
 280124 68958  107.53072   62   17  135.09000   79.49028  41.2%  21.3   70s
 297372 72153   83.73466   45   40  135.09000   80.17704  40.6%  21.3   75s
 312380 75116   99.40433   61   20  135.09000   80.64799  40.3%  21.4   80s
 327347 78096 infeasible   41       135.09000   81.12583  39.9%  21.4   85s
 342479 80711  101.87348   53   31  135.09000   81.59400  39.6%  21.4   90s
 357933 83602   95.10094   42   15  135.09000   82.05900  39.3%  21.4   95s
 373216 86549  117.20890   55   34  135.09000   82.47918  38.9%  21.5  100s
 386566 88902   98.41528   66   20  135.09000   82.91414  38.6%  21.5  105s
 400279 91295   86.72662   56   28  135.09000   83.27559  38.4%  21.5  110s
 416938 93910 infeasible   53       135.09000   83.73932  38.0%  21.5  115s
 430424 96153 infeasible   64       135.09000   84.09877  37.7%  21.5  120s
 440675 97564  116.96921   67   31  135.09000   84.37246  37.5%  21.5  125s
 447225 98654   96.08781   54   14  135.09000   84.54208  37.4%  21.5  130s
 455475 99985     cutoff   47       135.09000   84.76280  37.3%  21.5  135s
 464159 101186  117.70577   56   23  135.09000   84.99161  37.1%  21.5  140s
 479400 103581  103.92608   41   12  135.09000   85.31711  36.8%  21.5  145s
 492495 105667   95.10136   44   23  135.09000   85.64720  36.6%  21.6  150s
 508181 107776  117.19385   71   19  135.09000   86.00699  36.3%  21.6  155s
 521804 109908 infeasible   56       135.09000   86.27490  36.1%  21.6  160s
 535565 111710   94.80091   38   36  135.09000   86.57201  35.9%  21.6  165s
 548901 113525     cutoff   40       135.09000   86.88088  35.7%  21.6  170s
 560812 115324  124.07500   58   13  135.09000   87.10828  35.5%  21.6  175s
 574431 117180 infeasible   54       135.09000   87.39997  35.3%  21.6  180s
 588337 119006     cutoff   65       135.09000   87.70232  35.1%  21.6  185s
 601738 120714   90.82881   66   33  135.09000   87.99063  34.9%  21.6  190s
 615206 122560   92.66408   54   31  135.09000   88.21997  34.7%  21.6  195s
 626693 124044 infeasible   55       135.09000   88.41712  34.5%  21.6  200s
 639911 125764   99.30154   64   21  135.09000   88.71258  34.3%  21.5  205s
 655075 127639  111.86293   54   27  135.09000   89.01700  34.1%  21.5  210s
 665028 129259     cutoff   53       135.09000   89.15485  34.0%  21.5  215s
 677075 130768 infeasible   54       135.09000   89.37535  33.8%  21.5  220s
 690781 132281   93.89950   62   42  135.09000   89.62273  33.7%  21.5  225s
 702505 133473 infeasible   58       135.09000   89.85797  33.5%  21.5  230s
 715410 134931  114.15418   45   27  135.09000   90.07327  33.3%  21.5  235s
 727521 136413  118.72132   56   15  135.09000   90.28674  33.2%  21.5  240s
 742828 138260  116.19246   51   29  135.09000   90.55700  33.0%  21.5  245s
 753414 139269     cutoff   49       135.09000   90.75816  32.8%  21.5  250s
 763679 140347 infeasible   53       135.09000   90.95600  32.7%  21.5  255s
 770397 141069 infeasible   73       135.09000   91.05067  32.6%  21.5  260s
 778735 141814     cutoff   64       135.09000   91.16213  32.5%  21.5  265s
 786999 142509  105.60430   52   10  135.09000   91.30458  32.4%  21.4  270s
 800287 143570     cutoff   57       135.09000   91.53645  32.2%  21.4  275s
 811375 144469     cutoff   66       135.09000   91.72860  32.1%  21.4  280s
 824302 145572   93.35943   51   18  135.09000   91.98968  31.9%  21.4  285s
 837147 146769 infeasible   58       135.09000   92.16659  31.8%  21.4  290s
 847757 147584  126.60398   56   21  135.09000   92.33266  31.7%  21.4  295s
 861337 148535 infeasible   67       135.09000   92.56594  31.5%  21.4  300s
 873077 149405   95.36577   59   33  135.09000   92.79655  31.3%  21.3  305s
 884718 150258     cutoff   55       135.09000   92.99875  31.2%  21.3  310s
 894924 151173   98.66236   65   24  135.09000   93.11783  31.1%  21.3  315s
 906631 152079  101.50189   76   21  135.09000   93.32291  30.9%  21.3  320s
 916962 152796  100.47739   52   32  135.09000   93.50850  30.8%  21.3  325s
 926950 153476  123.60749   71   24  135.09000   93.69594  30.6%  21.3  330s
 935961 154128 infeasible   50       135.09000   93.87061  30.5%  21.3  335s
 946387 154989 infeasible   62       135.09000   94.03159  30.4%  21.3  340s
 956596 155678 infeasible   68       135.09000   94.17310  30.3%  21.3  345s
 966184 156124 infeasible   59       135.09000   94.34647  30.2%  21.3  350s
 975147 156888  111.29344   59   14  135.09000   94.51689  30.0%  21.3  355s
 985148 157362   98.05431   55   27  135.09000   94.70063  29.9%  21.3  360s
 995013 157649  123.55879   59   14  135.09000   94.89983  29.8%  21.3  365s
 1003140 158031   96.79756   47   24  135.09000   95.02821  29.7%  21.3  370s
 1008247 158331  111.75037   70   29  135.09000   95.07377  29.6%  21.3  375s
 1013505 158466  110.23282   62   17  135.09000   95.17522  29.5%  21.3  380s
 1018356 158667  118.73953   69   27  135.09000   95.26029  29.5%  21.3  385s
 1023581 158873  107.12260   64   35  135.09000   95.36427  29.4%  21.3  390s
 1028062 158956  101.47447   37   24  135.09000   95.44883  29.3%  21.3  395s
 1033674 159213 infeasible   62       135.09000   95.55739  29.3%  21.3  400s
 1038868 159390     cutoff   61       135.09000   95.65651  29.2%  21.3  405s
 1043411 159522  117.38690   56   23  135.09000   95.75109  29.1%  21.3  410s
 1049920 159737     cutoff   63       135.09000   95.88209  29.0%  21.3  415s
 1058444 160093  111.57400   72   17  135.09000   96.04259  28.9%  21.3  420s
 1065363 160317  102.25596   60   36  135.09000   96.13234  28.8%  21.3  425s
 1071770 160537   98.40694   51   37  135.09000   96.25000  28.8%  21.3  431s
 1075108 160637 infeasible   59       135.09000   96.30918  28.7%  21.3  435s
 1080404 160997     cutoff   63       135.09000   96.39994  28.6%  21.3  440s
 1086804 161110  110.70125   47   16  135.09000   96.51948  28.6%  21.3  446s
 1093605 161347  104.37565   51   22  135.09000   96.65882  28.4%  21.3  450s
 1100736 161597  112.40924   62   25  135.09000   96.79073  28.4%  21.3  455s
 1109218 161746     cutoff   66       135.09000   96.95787  28.2%  21.3  460s
 1115746 161925  131.29338   55   35  135.09000   97.05800  28.2%  21.3  465s
 1122746 162098  122.48834   73   27  135.09000   97.16238  28.1%  21.3  470s
 1131363 162291  125.85790   54   15  135.09000   97.29203  28.0%  21.3  475s
 1139116 162308  118.13664   50   21  135.09000   97.47526  27.8%  21.3  480s
 1147863 162371 infeasible   53       135.09000   97.65429  27.7%  21.3  485s
 1155973 162465  105.46138   33   17  135.09000   97.83045  27.6%  21.3  490s
 1166115 162688     cutoff   55       135.09000   98.02219  27.4%  21.3  495s
 1174500 163005  107.67297   51   22  135.09000   98.12881  27.4%  21.3  500s
 1181285 163057 infeasible   50       135.09000   98.25253  27.3%  21.3  505s
 1191464 163025  106.63035   71   25  135.09000   98.44083  27.1%  21.4  510s
 1199631 163109  113.85747   45   20  135.09000   98.63348  27.0%  21.4  515s
 1208069 163123  113.35634   38   26  135.09000   98.77945  26.9%  21.4  520s
 1218387 163021  120.70496   44   37  135.09000   99.00774  26.7%  21.4  525s
 1226300 162974  106.23546   48   34  135.09000   99.12364  26.6%  21.4  530s
 1231468 162850     cutoff   66       135.09000   99.22595  26.5%  21.4  535s
 1236676 162715     cutoff   39       135.09000   99.33688  26.5%  21.4  541s
 1239922 162634  128.09296   56   21  135.09000   99.40908  26.4%  21.4  545s
 1245161 162451  126.98831   61   17  135.09000   99.51445  26.3%  21.4  550s
 1250078 162277 infeasible   47       135.09000   99.63784  26.2%  21.4  556s
 1253460 162189  124.93741   52   19  135.09000   99.70927  26.2%  21.4  560s
 1258636 161981  105.25155   74   32  135.09000   99.83042  26.1%  21.5  565s
 1263712 161717  106.69853   67   34  135.09000   99.95033  26.0%  21.5  571s
 1268112 161669     cutoff   56       135.09000  100.03061  26.0%  21.5  576s
 1271344 161604     cutoff   65       135.09000  100.06866  25.9%  21.5  580s
 1277001 161424  107.90209   57   34  135.09000  100.16760  25.9%  21.5  585s
 1280161 161301  118.67220   52   10  135.09000  100.20781  25.8%  21.5  591s
 1283446 161118  104.26325   49   33  135.09000  100.30370  25.8%  21.5  595s
 1289238 160931  134.04641   63   24  135.09000  100.43592  25.7%  21.5  600s

Cutting planes:
  Learned: 27
  Gomory: 15
  Cover: 39
  Implied bound: 140
  Projected implied bound: 6
  Clique: 6
  MIR: 686
  Mixing: 126
  StrongCG: 35
  Flow cover: 2270
  Inf proof: 279
  Zero half: 17
  Mod-K: 1
  RLT: 123
  Relax-and-lift: 132
  PSD: 17

Explored 1289909 nodes (27793413 simplex iterations) in 600.07 seconds (256.38 work units)
Thread count was 16 (of 16 available processors)

Solution count 10: 135.09 136.086 139.087 ... 212.094

Time limit reached
Best objective 1.350900000000e+02, best bound 1.004593688953e+02, gap 25.6352%
