
Gurobi 12.0.0 (win64) logging started Mon May  4 21:04:51 2026

Set parameter LogFile to value "C:\Users\Asus\Documents\GitHub\logistics-model2\internal-logistics-model2\results\MR_MV_WT\case3\result_MR_MV_WT_case3_P10_R3_eps9999_2026_05_04_21_04.log"
Gurobi Optimizer version 12.0.0 build v12.0.0rc1 (win64 - Windows 10.0 (19045.2))

CPU model: 12th Gen Intel(R) Core(TM) i7-12650H, instruction set [SSE2|AVX|AVX2]
Thread count: 10 physical cores, 16 logical processors, using up to 16 threads

Non-default parameters:
TimeLimit  600
MIPGap  0.01
Presolve  2

Optimize a model with 24692 rows, 7327 columns and 125772 nonzeros
Model fingerprint: 0x613bb119
Variable types: 1162 continuous, 6165 integer (5940 binary)
Coefficient statistics:
  Matrix range     [1e+00, 5e+02]
  Objective range  [1e-03, 1e+00]
  Bounds range     [1e+00, 3e+01]
  RHS range        [1e+00, 1e+04]
Presolve removed 21201 rows and 6186 columns
Presolve time: 0.07s
Presolved: 3491 rows, 1141 columns, 19644 nonzeros
Variable types: 340 continuous, 801 integer (729 binary)
Root relaxation presolve removed 33 rows and 0 columns
Root relaxation presolved: 3458 rows, 1165 columns, 19452 nonzeros


Root relaxation: objective 0.000000e+00, 350 iterations, 0.02 seconds (0.03 work units)

    Nodes    |    Current Node    |     Objective Bounds      |     Work
 Expl Unexpl |  Obj  Depth IntInf | Incumbent    BestBd   Gap | It/Node Time

     0     0    0.00000    0   52          -    0.00000      -     -    0s
     0     0    0.00000    0   78          -    0.00000      -     -    0s
     0     0    0.00000    0   85          -    0.00000      -     -    0s
     0     0    0.00000    0   60          -    0.00000      -     -    0s
     0     0    0.00000    0   61          -    0.00000      -     -    0s
H    0     0                    104542.99900    0.00000   100%     -    0s
     0     0    0.03024    0   77 104542.999    0.03024   100%     -    0s
H    0     0                     134.2030000    0.32759   100%     -    0s
     0     0    0.32759    0   73  134.20300    0.32759   100%     -    0s
     0     0   16.67609    0  130  134.20300   16.67609  87.6%     -    0s
     0     0   16.67707    0  118  134.20300   16.67707  87.6%     -    0s
     0     0   28.50000    0  119  134.20300   28.50000  78.8%     -    0s
     0     0   28.50000    0   92  134.20300   28.50000  78.8%     -    0s
     0     0   30.00000    0  158  134.20300   30.00000  77.6%     -    0s
     0     0   30.00000    0  148  134.20300   30.00000  77.6%     -    0s
     0     0   30.00000    0  126  134.20300   30.00000  77.6%     -    0s
     0     0   30.00000    0  110  134.20300   30.00000  77.6%     -    0s
     0     0   30.00000    0   90  134.20300   30.00000  77.6%     -    0s
     0     0   30.00000    0   87  134.20300   30.00000  77.6%     -    0s
     0     0   30.00000    0   75  134.20300   30.00000  77.6%     -    1s
     0     0   30.00000    0   61  134.20300   30.00000  77.6%     -    1s
     0     0   30.00000    0   61  134.20300   30.00000  77.6%     -    1s
     0     0   30.00000    0   72  134.20300   30.00000  77.6%     -    1s
     0     0   30.00000    0   79  134.20300   30.00000  77.6%     -    1s
     0     0   30.00000    0   78  134.20300   30.00000  77.6%     -    1s
     0     0   30.00000    0   71  134.20300   30.00000  77.6%     -    1s
     0     0   30.00000    0   71  134.20300   30.00000  77.6%     -    1s
     0     2   30.00000    0   71  134.20300   30.00000  77.6%     -    1s
H   50    52                     131.2030000   30.00000  77.1%   246    1s
H  116   171                     129.2030000   30.00000  76.8%   176    1s
H  509   716                     125.2070000   30.00000  76.0%  88.8    2s
H 1153   760                     116.2040000   30.00000  74.2%  58.8    2s
H 1470   902                     109.1970000   30.00000  72.5%  57.0    2s
  2546  1428   47.00900   19   65  109.19700   30.00000  72.5%  53.7    5s
H 2745  1521                     106.2100000   30.00000  71.8%  83.7    8s
  3304  1756   30.00060   35   67  106.21000   30.00000  71.8%  94.0   10s
H 3589  1614                     106.1940000   30.00000  71.7%  97.5   11s
H 4039  1715                      94.1820000   30.00000  68.1%   103   12s
  5556  2151   35.87234   29  102   94.18200   30.00000  68.1%   116   15s
H 6805  2171                      85.2040000   30.00000  64.8%   119   17s
  6979  2358   67.40255   30   79   85.20400   30.00000  64.8%   120   20s
  9587  3421   30.00016   26  105   85.20400   30.00000  64.8%   127   25s
 11049  3839 infeasible   24        85.20400   30.00000  64.8%   130   30s
 13089  5015 infeasible   33        85.20400   30.00000  64.8%   132   36s
 15274  5938   36.10100   32   83   85.20400   30.00000  64.8%   134   40s
 18084  7190   62.01413   27   85   85.20400   30.00000  64.8%   136   45s
 19798  7568   30.55697   68  104   85.20400   30.00000  64.8%   138   52s
 20900  8360 infeasible   29        85.20400   30.00000  64.8%   138   57s
 22606  9056   57.00000   29   68   85.20400   30.00000  64.8%   139   61s
 23555  9109   37.89634   35   96   85.20400   30.00000  64.8%   140   66s
 23938  9475   41.91391   37   75   85.20400   30.00000  64.8%   140   70s
 25241 10174   30.52595   27   73   85.20400   30.00000  64.8%   141   75s
 27914 10977   47.06700   43   69   85.20400   30.00000  64.8%   141   81s
 28975 11437   30.00008   66   89   85.20400   30.00000  64.8%   141   85s
 30695 11797   66.07724   40   65   85.20400   30.00000  64.8%   142   91s
 31220 12209   32.86924   37   71   85.20400   30.00000  64.8%   142   95s
 33681 13709   30.00014   22  108   85.20400   30.00000  64.8%   144  106s
 35354 14340   59.00091   68   91   85.20400   30.00000  64.8%   144  114s
 36762 14997   56.37772   40   47   85.20400   30.00000  64.8%   145  118s
 38476 15711   30.00019   33   85   85.20400   30.00000  64.8%   145  122s
 40284 16341   35.41107   31   91   85.20400   30.00000  64.8%   146  126s
 42089 17076     cutoff   53        85.20400   30.00000  64.8%   146  137s
 44148 17563   30.00008   27  102   85.20400   30.00000  64.8%   147  141s
 45381 18354 infeasible   62        85.20400   30.00000  64.8%   148  145s
 48876 19653 infeasible   27        85.20400   30.00000  64.8%   149  153s
 50561 20402   32.74876   62   85   85.20400   30.00000  64.8%   149  157s
 52207 20974   30.17334   62   87   85.20400   30.00000  64.8%   149  161s
 53629 21031   30.00150   44   64   85.20400   30.00000  64.8%   150  166s
 53919 21362   30.00087   30  106   85.20400   30.00000  64.8%   150  173s
 54628 21767   30.00828   31   99   85.20400   30.00000  64.8%   150  177s
 55658 22465   30.00961   32   94   85.20400   30.00000  64.8%   150  182s
 57262 23215   30.01852   33   92   85.20400   30.00000  64.8%   150  187s
 58938 23596   30.00294   54  122   85.20400   30.00000  64.8%   151  193s
 59999 24297   32.36888   57   93   85.20400   30.00000  64.8%   151  198s
 61758 24967   32.33916   47   71   85.20400   30.00000  64.8%   151  204s
 63550 25752   33.06286   62  103   85.20400   30.00000  64.8%   152  209s
 65291 26479   75.11100   74   65   85.20400   30.00000  64.8%   152  214s
 67040 27026   50.07000   63   60   85.20400   30.00000  64.8%   153  219s
 68734 27691 infeasible   49        85.20400   30.00000  64.8%   153  224s
 70377 28276   30.06700   44   66   85.20400   30.00000  64.8%   153  229s
 71916 28948     cutoff   54        85.20400   30.00000  64.8%   154  234s
 73720 29271   36.51857   52   94   85.20400   30.00000  64.8%   154  239s
 74588 29979   41.71927   42   75   85.20400   30.00000  64.8%   154  245s
 76291 30720   70.22004   48   95   85.20400   30.00000  64.8%   154  250s
 77947 31504   44.94704   50   88   85.20400   30.00000  64.8%   155  255s
 79648 32223   30.05900   59   77   85.20400   30.00000  64.8%   155  260s
 81346 32945   30.02025   65  105   85.20400   30.00000  64.8%   155  265s
 83147 33621   30.00026   44  109   85.20400   30.00000  64.8%   155  271s
 84719 34061   34.50847   40   80   85.20400   30.00000  64.8%   155  276s
 85626 35144   34.50949   41   99   85.20400   30.00000  64.8%   155  286s
 88151 35177 infeasible   33        85.20400   30.00000  64.8%   155  292s
 88279 35500   30.00012   34  110   85.20400   30.00000  64.8%   155  298s
 89159 36244   30.00012   35  122   85.20400   30.00000  64.8%   155  306s
 90761 37184   73.00198   36   77   85.20400   30.00000  64.8%   155  314s
 93053 38085   30.00000   43  104   85.20400   30.00000  64.8%   155  323s
 94935 39189 infeasible   50        85.20400   30.00000  64.8%   156  331s
 97411 40086   51.06300   65  110   85.20400   30.00000  64.8%   156  338s
 99408 40206   30.00000   46   66   85.20400   30.00000  64.8%   156  345s
 99690 40711   30.00013   47  109   85.20400   30.00000  64.8%   156  352s
 100929 41678   54.88059   88   65   85.20400   30.00000  64.8%   156  360s
 103288 42609     cutoff   48        85.20400   30.00000  64.8%   156  367s
 105379 43133   45.00000   50   74   85.20400   30.00000  64.8%   156  375s
 106640 43971   75.05741   33   56   85.20400   30.00000  64.8%   156  383s
 108722 44954   30.41803   40   92   85.20400   30.00000  64.8%   156  390s
 110837 45656   30.00168   51  101   85.20400   30.00000  64.8%   156  397s
 112388 46320   46.00000   52  109   85.20400   30.00000  64.8%   157  403s
 114074 46550   45.00107   57  115   85.20400   30.00000  64.8%   157  409s
 114574 46983     cutoff   87        85.20400   30.00000  64.8%   157  415s
 115620 47539   30.00000   52   97   85.20400   30.00000  64.8%   157  422s
 117052 48338   30.00114   44  133   85.20400   30.00000  64.8%   157  429s
 119100 48989   32.70485   69   82   85.20400   30.00000  64.8%   157  437s
 120756 49821   30.00013   74  118   85.20400   30.00000  64.8%   158  444s
 122512 50565     cutoff   55        85.20400   30.00000  64.8%   158  450s
 124364 51264   30.00000   43   53   85.20400   30.00000  64.8%   158  458s
 126176 51950 infeasible   58        85.20400   30.00000  64.8%   158  464s
 127918 52660   46.00000   33   68   85.20400   30.00000  64.8%   158  471s
 129531 53049   66.04367   95   86   85.20400   30.00000  64.8%   158  478s
 130577 53714   84.15019   75   62   85.20400   30.00000  64.8%   158  485s
 132373 53797   44.57719   40  123   85.20400   30.00000  64.8%   158  491s
 132631 54275   44.57719   41  108   85.20400   30.00000  64.8%   158  498s
 133918 55047   30.60645   54  121   85.20400   30.00000  64.8%   158  506s
 135810 55789 infeasible   56        85.20400   30.00000  64.8%   158  513s
 137727 56476   30.00000   38   82   85.20400   30.00000  64.8%   158  520s
 139561 56670   32.04667   42   78   85.20400   30.00000  64.8%   158  527s
 140022 57283   32.04667   43   87   85.20400   30.00000  64.8%   158  534s
 141451 57912   34.05956   47   82   85.20400   30.00000  64.8%   158  542s
 143281 58189 infeasible   64        85.20400   30.00000  64.8%   158  550s
 144027 58973   30.01967   50   78   85.20400   30.00000  64.8%   158  557s
 145688 59822   32.80790  101   56   85.20400   30.00000  64.8%   158  565s
 147651 60484   30.00000   73   87   85.20400   30.00000  64.8%   159  572s
 149412 61135   50.00789   85  114   85.20400   30.00000  64.8%   159  579s
 151026 61753 infeasible   89        85.20400   30.00000  64.8%   159  586s
 152548 62044   30.02022   44   86   85.20400   30.00000  64.8%   159  593s
 153489 62471   31.25268   50  108   85.20400   30.00000  64.8%   159  600s

Cutting planes:
  Learned: 287
  Gomory: 27
  Cover: 497
  Implied bound: 945
  Projected implied bound: 29
  Clique: 16
  MIR: 2575
  Mixing: 193
  StrongCG: 138
  Flow cover: 10575
  Inf proof: 196
  Zero half: 45
  RLT: 427
  Relax-and-lift: 170
  PSD: 1

Explored 154918 nodes (24646151 simplex iterations) in 600.31 seconds (464.68 work units)
Thread count was 16 (of 16 available processors)

Solution count 10: 85.204 94.182 106.194 ... 134.203

Time limit reached
Best objective 8.520400000000e+01, best bound 2.999999999897e+01, gap 64.7904%
