
Gurobi 12.0.0 (win64) logging started Mon May  4 20:24:38 2026

Set parameter LogFile to value "C:\Users\Asus\Documents\GitHub\logistics-model2\internal-logistics-model2\results\MR_MV_RD\case1\result_MR_MV_RD_case1_P5_R3_eps9999_2026_05_04_20_24.log"
Gurobi Optimizer version 12.0.0 build v12.0.0rc1 (win64 - Windows 10.0 (19045.2))

CPU model: 12th Gen Intel(R) Core(TM) i7-12650H, instruction set [SSE2|AVX|AVX2]
Thread count: 10 physical cores, 16 logical processors, using up to 16 threads

Non-default parameters:
TimeLimit  600
MIPGap  0.01
Presolve  2

Optimize a model with 24417 rows, 7277 columns and 122579 nonzeros
Model fingerprint: 0x3e7f13ab
Variable types: 1157 continuous, 6120 integer (5895 binary)
Coefficient statistics:
  Matrix range     [1e+00, 5e+02]
  Objective range  [1e-03, 1e+00]
  Bounds range     [1e+00, 3e+01]
  RHS range        [1e+00, 1e+04]
Presolve removed 20037 rows and 5808 columns
Presolve time: 0.29s
Presolved: 4380 rows, 1469 columns, 28262 nonzeros
Variable types: 389 continuous, 1080 integer (990 binary)
Root relaxation presolve removed 15 rows and 0 columns
Root relaxation presolved: 4365 rows, 1475 columns, 28079 nonzeros


Root relaxation: objective 0.000000e+00, 333 iterations, 0.02 seconds (0.04 work units)

    Nodes    |    Current Node    |     Objective Bounds      |     Work
 Expl Unexpl |  Obj  Depth IntInf | Incumbent    BestBd   Gap | It/Node Time

     0     0    0.00000    0   76          -    0.00000      -     -    0s
H    0     0                    32958.999000    0.00000   100%     -    0s
H    0     0                     164.1350000    0.00000   100%     -    0s
     0     0    0.00000    0   91  164.13500    0.00000   100%     -    0s
     0     0    0.00000    0   80  164.13500    0.00000   100%     -    0s
     0     0    0.00000    0   61  164.13500    0.00000   100%     -    0s
     0     0    0.00000    0  106  164.13500    0.00000   100%     -    0s
     0     0    0.00000    0   64  164.13500    0.00000   100%     -    0s
H    0     0                     162.1290000    0.00000   100%     -    0s
H    0     0                     150.1150000    0.00000   100%     -    0s
     0     0    0.00000    0   65  150.11500    0.00000   100%     -    0s
H    0     0                     142.0720000    0.00000   100%     -    0s
H    0     0                     137.1420000    0.00000   100%     -    0s
H    0     0                     133.1360000    0.00000   100%     -    0s
H    0     0                     128.0950000    0.00000   100%     -    0s
H    0     0                     125.0580000    0.00000   100%     -    0s
     0     0    0.00000    0   80  125.05800    0.00000   100%     -    0s
H    0     0                     109.2030000    0.00000   100%     -    1s
     0     0    0.00000    0   77  109.20300    0.00000   100%     -    1s
     0     0    0.00150    0   67  109.20300    0.00150   100%     -    1s
     0     0    0.00150    0   62  109.20300    0.00150   100%     -    1s
H    0     0                     109.1910000    0.00480   100%     -    1s
     0     0    0.00480    0   86  109.19100    0.00480   100%     -    1s
H    0     0                     106.2010000    0.00495   100%     -    1s
     0     0    0.00495    0   74  106.20100    0.00495   100%     -    1s
     0     0    0.00600    0  180  106.20100    0.00600   100%     -    1s
H    0     0                     102.1850000    0.00606   100%     -    1s
     0     0    0.00606    0  155  102.18500    0.00606   100%     -    1s
     0     0    0.00902    0  195  102.18500    0.00902   100%     -    1s
     0     0    0.00926    0  163  102.18500    0.00926   100%     -    1s
     0     0    0.01081    0  203  102.18500    0.01081   100%     -    1s
     0     0    0.01243    0  177  102.18500    0.01243   100%     -    1s
H    0     0                      99.1700000    0.01243   100%     -    2s
     0     0    0.01243    0  192   99.17000    0.01243   100%     -    2s
H    0     0                      97.1720000    0.01243   100%     -    2s
     0     0    0.01243    0  183   97.17200    0.01243   100%     -    2s
     0     0    0.01243    0  225   97.17200    0.01243   100%     -    2s
     0     0    0.01243    0  202   97.17200    0.01243   100%     -    2s
     0     0    0.01458    0  224   97.17200    0.01458   100%     -    2s
H    0     0                      97.1700000    0.01458   100%     -    2s
H    0     0                      96.1680000    0.01458   100%     -    2s
H    0     0                      94.1590000    0.01486   100%     -    2s
H    0     0                      87.1310000    0.01486   100%     -    2s
     0     0    0.01486    0  136   87.13100    0.01486   100%     -    2s
     0     0    0.01497    0  142   87.13100    0.01497   100%     -    2s
     0     0    0.01497    0  195   87.13100    0.01497   100%     -    2s
     0     0    0.01500    0  159   87.13100    0.01500   100%     -    3s
     0     0    0.01500    0  166   87.13100    0.01500   100%     -    3s
     0     0    0.01500    0   83   87.13100    0.01500   100%     -    3s
     0     0    0.01500    0  122   87.13100    0.01500   100%     -    3s
     0     0    0.01500    0   56   87.13100    0.01500   100%     -    3s
     0     0    0.01500    0  101   87.13100    0.01500   100%     -    3s
     0     0    0.01500    0   70   87.13100    0.01500   100%     -    3s
     0     0    0.01500    0  106   87.13100    0.01500   100%     -    3s
H    0     0                      81.1130000    0.01500   100%     -    4s
H    0     0                      81.1000000    0.01500   100%     -    4s
H    0     0                      79.0900000    0.01500   100%     -    4s
     0     0    0.01500    0   79   79.09000    0.01500   100%     -    4s
     0     0    0.01500    0   76   79.09000    0.01500   100%     -    4s
     0     2    0.01500    0   46   79.09000    0.01500   100%     -    4s
     7    13    0.01507    3  206   79.09000    0.01507   100%   442    5s
H  687   536                      77.1020000    0.02189   100%  74.7    6s
  2553  1455    0.10721   33  257   77.10200    0.03043   100%  49.8   10s
  3517  1570   65.07111   43   21   77.10200    0.03043   100%  63.2   15s
H 5650  1631                      77.0920000    0.03338   100%  59.9   19s
  6091  1629    0.04686   33   50   77.09200    0.03427   100%  59.2   20s
H 7986  1972                      77.0910000    0.03637   100%  53.2   21s
 13117  3754    0.06376   41   60   77.09100    0.04434   100%  47.0   25s
H20061  5980                      77.0910000    0.05143   100%  41.2   29s
H20333  6088                      77.0909965    0.05144   100%  41.1   29s
 20334  6170   50.07750   74   19   77.09100    0.05144   100%  41.1   30s
 27368  8738 infeasible   65        77.09100    0.05500   100%  39.7   35s
 32309 10277    0.06397   46   76   77.09100    0.05588   100%  37.2   46s
 32318 10283   56.01500   65  418   77.09100    0.05588   100%  37.2   50s
 32327 10289    1.14214   68  473   77.09100    0.05588   100%  37.2   55s
 32333 10293    0.06874   44  451   77.09100    0.05588   100%  37.2   60s
H32333  9777                      77.0909964    0.05588   100%  37.2   61s
 32339  9781   56.01500   31  464   77.09100    0.05588   100%  37.2   65s
 32348  9787   70.04501   28  465   77.09100    0.05588   100%  37.1   70s
 32356  9792    0.06549   84  454   77.09100    0.05588   100%  37.1   75s
 32364  9798    0.06899   40  469   77.09100    0.05588   100%  37.1   80s
 32372  9803   31.90497   67  468   77.09100    0.05588   100%  37.1   85s
 32381  9809    0.06512   59  480   77.09100    0.05588   100%  37.1   90s
 32387  9813    0.07184   59  488   77.09100    0.05588   100%  37.1   95s
 32392  9816    0.06836   91  480   77.09100    0.05588   100%  37.1  100s
H32395  9326                      77.0908753    0.05588   100%  37.1  104s
 32396  9327   60.06535   59  479   77.09088    0.05588   100%  37.1  105s
 32401  9330   73.09774   40  483   77.09088    0.05734   100%  37.1  110s
 32405  9333   42.05521   52  480   77.09088    0.05792   100%  37.1  115s
 32411  9337    0.06026   37  476   77.09088    0.05892   100%  37.1  120s
 32417  9341    0.07628   75  469   77.09088    0.05950   100%  37.1  125s
 32422  9344    0.08100   60  475   77.09088    0.06051   100%  37.1  130s
 32428  9348    0.08648   55  481   77.09088    0.06100   100%  37.1  135s
 32433  9352    0.06874   44  499   77.09088    0.06140   100%  37.1  140s
 32437  9354    0.09596   69  505   77.09088    0.06200   100%  37.0  145s
 32442  9358   66.08301   40  490   77.09088    0.06244   100%  37.0  150s
 32447  9361    0.08573   54  489   77.09088    0.06313   100%  37.0  155s
 32453  9365    0.09677   88  497   77.09088    0.06400   100%  37.0  160s
 32457  9368   57.03382   26  495   77.09088    0.06443   100%  37.0  165s
 32461  9370   67.04916   56  496   77.09088    0.06473   100%  37.0  170s
 32466  9374    0.08417   52  493   77.09088    0.06500   100%  37.0  175s
 32471  9377    0.06546   54  486   77.09088    0.06546   100%  37.0  180s
 32476  9380   56.01500   51  495   77.09088    0.06600   100%  37.0  185s
 32480  9383    0.06672   39  490   77.09088    0.06672   100%  37.0  190s
 32488  9388    0.07111   65  489   77.09088    0.06765   100%  37.0  195s
 32497  9394    0.06826   39  499   77.09088    0.06826   100%  37.0  200s
 32508  9402    0.10526   23  494   77.09088    0.06911   100%  37.0  205s
 32700  9445 infeasible   35        77.09088    0.06915   100%  42.2  210s
H32806  8952                      77.0908752    0.06915   100%  42.4  211s
H33278  8510                      77.0908749    0.06915   100%  42.8  214s
 33293  8534    0.06915   39   72   77.09087    0.06915   100%  42.8  215s
H33469  8077                      77.0908571    0.06915   100%  42.8  215s
 34410  8059 infeasible   60        77.09086    0.06915   100%  43.4  220s
H35010  7641                      77.0907551    0.06915   100%  43.6  224s
 35499  7664 infeasible   65        77.09076    0.06915   100%  43.7  225s
 38669  7444   57.05374   41   32   77.09076    0.06915   100%  43.8  230s
 44962  7063    0.06915   48   27   77.09076    0.06915   100%  42.5  235s
 49419  7308    0.07244   52   22   77.09076    0.06915   100%  41.5  240s
 58713  7902    0.10255   75   24   77.09076    0.06915   100%  40.0  245s
 67968 10402 infeasible   47        77.09076    0.06915   100%  39.1  250s
 77822 12994    0.07966   75   21   77.09076    0.06915   100%  38.3  255s
 86946 14642   68.05941   57   18   77.09076    0.06915   100%  37.9  260s
 96270 16188 infeasible   45        77.09076    0.06915   100%  37.6  265s
 103778 17570 infeasible  100        77.09076    0.06915   100%  37.5  270s
 114106 18929 infeasible   60        77.09076    0.06964   100%  37.4  275s
 123130 19881    0.09303   49    8   77.09076    0.07077   100%  37.3  280s
 132417 20982 infeasible   64        77.09076    0.07183   100%  37.2  285s
 137140 21301    0.08000   68   16   77.09076    0.07239   100%  37.2  290s
 138643 21517    0.14417   69   19   77.09076    0.07241   100%  37.2  295s
 146315 22202   67.07034   62   26   77.09076    0.07347   100%  37.2  300s
 154983 22558 infeasible   96        77.09076    0.07466   100%  37.1  305s
 162988 22871    0.11400   45   18   77.09076    0.07572   100%  37.1  310s
H169522 22984                      77.0907549    0.07654   100%  37.2  314s
 170955 22923 infeasible  113        77.09075    0.07677   100%  37.2  315s
 180277 22967   76.09700   73    9   77.09075    0.07812   100%  37.2  320s
 188652 22771    0.14852   74   11   77.09075    0.07955   100%  37.3  325s
 197288 22567    0.08593   79   24   77.09075    0.08105   100%  37.3  330s
 206457 22197 infeasible   59        77.09075    0.08288   100%  37.3  335s
 214549 21722 infeasible   82        77.09075    0.08446   100%  37.3  340s
 223695 20963 infeasible   62        77.09075    0.08657   100%  37.3  345s
 231867 20126 infeasible   57        77.09075    0.08857   100%  37.3  350s
 241199 19067    0.17370   60   12   77.09075    0.09126   100%  37.4  355s
 248879 17913   50.12579   63   18   77.09075    0.09388   100%  37.4  360s
 256944 16439    8.55860   65   19   77.09075    0.09778   100%  37.4  365s
 264109 15127    9.34776   67   23   77.09075    0.10167   100%  37.4  370s
 270570 13624    0.15900   62   10   77.09075    0.10605   100%  37.5  375s
 278820 11758 infeasible   63        77.09075    0.11550   100%  37.5  380s
 285738  9916 infeasible   75        77.09075    0.12800   100%  37.5  385s
 293125  7436   50.04879   46   55   77.09075    0.17050   100%  37.5  390s
 304273  6295 infeasible   64        77.09075    9.30040  87.9%  37.1  395s
 313645  6152   57.04903   65   20   77.09075   37.02634  52.0%  36.7  400s
 322190  5528   50.91797   84   13   77.09075   37.07400  51.9%  36.5  405s
 332597  5500 infeasible   57        77.09075   47.04808  39.0%  36.2  410s
 342959  4373 infeasible   85        77.09075   47.10800  38.9%  36.1  415s
 353245  3056   57.04145   46   79   77.09075   57.02459  26.0%  35.9  420s
 362774  2021   62.06400   54   33   77.09075   59.04480  23.4%  35.7  425s
 374944  1134     cutoff   49        77.09075   67.07454  13.0%  35.5  430s

Cutting planes:
  Cover: 13
  Implied bound: 32
  Projected implied bound: 2
  Clique: 2
  MIR: 58
  Flow cover: 306
  GUB cover: 1
  Inf proof: 1
  Zero half: 1
  RLT: 22
  Relax-and-lift: 75
  PSD: 3

Explored 380645 nodes (13473816 simplex iterations) in 432.50 seconds (465.70 work units)
Thread count was 16 (of 16 available processors)

Solution count 10: 77.0908 77.0908 77.091 ... 87.131

Optimal solution found (tolerance 1.00e-02)
Best objective 7.709075489252e+01, best bound 7.709075489252e+01, gap 0.0000%
