
Gurobi 12.0.0 (win64) logging started Mon May  4 23:18:40 2026

Set parameter LogFile to value "C:\Users\Asus\Documents\GitHub\logistics-model2\internal-logistics-model2\results\MR_MV_RD\case1\result_MR_MV_RD_case1_P6_R3_eps9999_2026_05_04_23_18.log"
Gurobi Optimizer version 12.0.0 build v12.0.0rc1 (win64 - Windows 10.0 (19045.2))

CPU model: 12th Gen Intel(R) Core(TM) i7-12650H, instruction set [SSE2|AVX|AVX2]
Thread count: 10 physical cores, 16 logical processors, using up to 16 threads

Non-default parameters:
TimeLimit  600
MIPGap  0.01
Presolve  2

Optimize a model with 34687 rows, 10077 columns and 175974 nonzeros
Model fingerprint: 0x89db054a
Variable types: 1383 continuous, 8694 integer (8424 binary)
Coefficient statistics:
  Matrix range     [1e+00, 5e+02]
  Objective range  [1e-03, 1e+00]
  Bounds range     [1e+00, 3e+01]
  RHS range        [1e+00, 1e+04]
Presolve removed 28578 rows and 8103 columns
Presolve time: 0.54s
Presolved: 6109 rows, 1974 columns, 42081 nonzeros
Variable types: 462 continuous, 1512 integer (1404 binary)
Root relaxation presolve removed 15 rows and 0 columns
Root relaxation presolved: 6094 rows, 1980 columns, 41862 nonzeros


Root relaxation: objective 0.000000e+00, 369 iterations, 0.03 seconds (0.06 work units)

    Nodes    |    Current Node    |     Objective Bounds      |     Work
 Expl Unexpl |  Obj  Depth IntInf | Incumbent    BestBd   Gap | It/Node Time

     0     0    0.00000    0   80          -    0.00000      -     -    0s
H    0     0                     215.2500000    0.00000   100%     -    0s
     0     0    0.00000    0  135  215.25000    0.00000   100%     -    0s
H    0     0                     169.1350000    0.00000   100%     -    0s
     0     0    0.00000    0  122  169.13500    0.00000   100%     -    0s
H    0     0                     160.4810000    0.00000   100%     -    1s
     0     0    0.00000    0   82  160.48100    0.00000   100%     -    1s
H    0     0                     159.1790000    0.00000   100%     -    1s
H    0     0                     158.1330000    0.00000   100%     -    1s
H    0     0                     149.1590000    0.00000   100%     -    1s
H    0     0                     144.1540000    0.00000   100%     -    1s
H    0     0                     142.1440000    0.00000   100%     -    1s
     0     0    0.00000    0   92  142.14400    0.00000   100%     -    1s
     0     0    0.00000    0   85  142.14400    0.00000   100%     -    1s
     0     0    0.00000    0   77  142.14400    0.00000   100%     -    1s
H    0     0                     130.3720000    0.00000   100%     -    2s
H    0     0                     129.3660000    0.00000   100%     -    2s
H    0     0                     119.3090000    0.00000   100%     -    2s
H    0     0                     119.2900000    0.00000   100%     -    2s
H    0     0                     119.2840000    0.00000   100%     -    2s
H    0     0                     119.2790000    0.00000   100%     -    2s
H    0     0                     118.3120000    0.00000   100%     -    2s
H    0     0                     118.2820000    0.00000   100%     -    2s
     0     0    0.00000    0   88  118.28200    0.00000   100%     -    2s
     0     0    0.00000    0   88  118.28200    0.00000   100%     -    2s
H    0     0                     109.2040000    0.00000   100%     -    2s
     0     2    0.00300    0   88  109.20400    0.00300   100%     -    2s
H   75    81                     106.1990000    0.00300   100%   228    2s
H   81    81                     105.1780000    0.00300   100%   219    2s
H  135   136                     103.3802040    0.00300   100%   167    2s
H  136   136                      99.1760000    0.00300   100%   166    2s
H  261   227                      97.1750000    0.00300   100%   117    3s
H  464   371                      96.1910000    0.00300   100%  87.4    4s
  1064   687   57.07287   16   23   96.19100    0.00901   100%  65.5    5s
H 1931  1076                      96.1850000    0.01046   100%  54.2    6s
H 1938  1075                      95.2180000    0.01200   100%  54.3    6s
H 2852  1408                      95.2140000    0.01311   100%  56.7    9s
  2920  1433   71.06692   32   23   95.21400    0.01311   100%  56.8   10s
H 3274  1422                      94.1510000    0.01311   100%  57.2   11s
H 3376  1362                      93.1700000    0.01311   100%  56.7   11s
  4950  1606   56.20782   32   40   93.17000    0.01650   100%  55.5   15s
H 5120  1498                      91.1530000    0.01650   100%  55.9   15s
  9239  2891 infeasible   46        91.15300    0.01800   100%  51.2   20s
 13524  4469    0.04484   37   80   91.15300    0.01823   100%  49.1   25s
 19265  6601   72.08467   28   25   91.15300    0.02112   100%  44.2   30s
 23518  7795 infeasible   23        91.15300    0.02300   100%  44.2   35s
 26463  8937    0.05701   30   61   91.15300    0.02600   100%  44.5   40s
 32594 11258    0.07481   43   52   91.15300    0.02790   100%  43.9   45s
 33899 11259   11.03549   50   88   91.15300    0.02850   100%  43.4   57s
 33907 11264    0.11345   44  277   91.15300    0.02850   100%  43.4   60s
 33921 11274    0.66541   33  446   91.15300    0.02850   100%  43.3   65s
 33933 11282    1.31021   45  470   91.15300    0.02850   100%  43.3   70s
 33950 11293    0.02866   24  518   91.15300    0.02850   100%  43.3   75s
 33967 11304    0.06523   33  525   91.15300    0.02850   100%  43.3   80s
 33982 11317    0.02850   21  489   91.15300    0.02850   100%  44.1   86s
 34228 11407    0.03304   29   85   91.15300    0.02850   100%  45.1   90s
 35226 11566   37.04586   49   47   91.15300    0.02850   100%  45.8   95s
 35625 11668 infeasible   48        91.15300    0.02850   100%  46.3  100s
 37157 11817    0.07091   46   64   91.15300    0.02850   100%  47.1  105s
 38114 11959    0.03805   29   78   91.15300    0.02850   100%  47.3  111s
 38814 11952    0.03596   36  121   91.15300    0.02981   100%  47.6  116s
 39742 12044   57.02300   36   80   91.15300    0.02984   100%  47.9  121s
 40278 12053    0.06001   49  101   91.15300    0.03077   100%  48.2  125s
 41434 12236 infeasible   43        91.15300    0.03099   100%  48.6  132s
 42553 12774   77.09452   45   18   91.15300    0.03278   100%  48.7  136s
 44276 12986    0.07398   44  101   91.15300    0.03318   100%  48.5  141s
 45949 13769   37.06420   47   29   91.15300    0.03404   100%  48.0  145s
 48796 13822    0.03834   49  132   91.15300    0.03520   100%  47.2  150s
 51696 13842   58.02706   68   65   91.15300    0.03591   100%  46.3  157s
 53615 14383   58.07704   85   30   91.15300    0.03629   100%  45.7  161s
 56739 14614    0.04796   46  113   91.15300    0.03730   100%  45.1  166s
 59543 14353    0.05862   56  110   91.15300    0.03800   100%  44.2  170s
 63676 14118    0.05279   39  136   91.15300    0.03885   100%  43.0  175s
 64127 14073   74.13400   43   18   91.15300    0.03892   100%  43.1  180s
 64820 14180    0.05230   36   78   91.15300    0.03926   100%  43.3  185s
 65947 14917    0.06426   45   47   91.15300    0.03952   100%  43.4  191s
 67725 15062    0.05806   48   68   91.15300    0.03965   100%  42.9  196s
 71489 16077 infeasible   45        91.15300    0.04043   100%  42.2  200s
 73053 17724    0.07241   46   41   91.15300    0.04081   100%  42.2  206s
 76252 18045    0.05423   52   68   91.15300    0.04138   100%  41.5  210s
 79762 19786    0.04552   43  126   91.15300    0.04201   100%  40.9  216s
 83571 20711   68.04538   60   18   91.15300    0.04238   100%  40.1  220s
 84111 21259   81.74450   42   27   91.15300    0.04247   100%  40.1  225s
 89525 22993    0.05781   47   68   91.15300    0.04303   100%  39.1  230s
 90131 23130   58.08070   45   30   91.15300    0.04321   100%  39.1  235s
 90488 23246    0.05307   31   56   91.15300    0.04329   100%  39.1  240s
 91112 23431    0.05391   34   53   91.15300    0.04341   100%  39.2  245s
 92113 23848    0.06583   39   26   91.15300    0.04350   100%  39.2  251s
 92910 24111 infeasible   59        91.15300    0.04362   100%  39.2  255s
 94253 24608   86.09554   57   18   91.15300    0.04382   100%  39.2  260s
 96240 25085     cutoff   44        91.15300    0.04404   100%  39.3  266s
 97314 25368   58.15600   30   37   91.15300    0.04429   100%  39.4  271s
 98793 25825    0.05757   48   41   91.15300    0.04442   100%  39.5  276s
 100465 26512   65.14182   61   44   91.15300    0.04473   100%  39.5  283s
 101605 26912 infeasible   62        91.15300    0.04491   100%  39.5  286s
 102872 28693    0.16741   48  122   91.15300    0.04507   100%  39.5  290s
 108007 29760   74.14533   51   36   91.15300    0.04563   100%  38.8  296s
 110659 30832    0.05333   37   58   91.15300    0.04597   100%  38.5  301s
 113283 31121    0.06247   32   39   91.15300    0.04628   100%  38.2  305s
 116580 32964    0.08624   42   47   91.15300    0.04664   100%  38.0  310s
 119614 34380    0.06659   40   28   91.15300    0.04682   100%  37.7  317s
 122989 34655 infeasible   52        91.15300    0.04710   100%  37.3  320s
 125938 35888    0.05113   43   34   91.15300    0.04750   100%  37.0  325s
 129736 37174 infeasible   51        91.15300    0.04779   100%  36.7  331s
 131166 38332    0.04905   47   47   91.15300    0.04790   100%  36.7  335s
 133943 39216    0.12201   62   29   91.15300    0.04807   100%  36.6  340s
 136301 40953    0.05226   34  159   91.15300    0.04829   100%  36.4  347s
 140433 41091    0.05389   36  107   91.15300    0.04842   100%  36.0  350s
 141714 41989    0.11913   49   25   91.15300    0.04868   100%  36.1  355s
 146611 43372 infeasible   74        91.15300    0.04895   100%  35.6  360s
 149096 45072    0.12624   46   16   91.15300    0.04914   100%  35.5  365s
 151730 46867    0.28565   38   86   91.15300    0.04925   100%  35.3  371s
 156294 47248 infeasible   43        91.15300    0.04951   100%  35.0  375s
 159440 48570 infeasible   56        91.15300    0.04980   100%  34.8  380s
 163529 50040 infeasible   42        91.15300    0.05000   100%  34.5  385s
 165122 50724    0.08284   53   61   91.15300    0.05011   100%  34.6  391s
 167591 51334 infeasible   52        91.15300    0.05026   100%  34.5  395s
 171326 52810   37.05390   57   34   91.15300    0.05049   100%  34.3  400s
 173166 53396    0.06110   44   93   91.15300    0.05065   100%  34.3  405s
 174607 54752    0.17366   77   20   91.15300    0.05075   100%  34.3  411s
 180053 56083   58.04359   35   38   91.15300    0.05106   100%  33.8  415s
 182342 56948   47.04839   65   35   91.15300    0.05116   100%  33.7  420s
 184576 59182    0.25011   46  104   91.15300    0.05141   100%  33.7  428s
 189106 59341    0.09702   48   46   91.15300    0.05166   100%  33.4  430s
 190153 60462    0.05500   55   25   91.15300    0.05176   100%  33.4  435s
 195204 61697 infeasible   59        91.15300    0.05195   100%  33.1  440s
 198010 63182    0.09800   71   30   91.15300    0.05210   100%  33.0  445s
 201780 64630    0.08256   51   16   91.15300    0.05224   100%  32.7  451s
 202683 66027    0.07715   50   56   91.15300    0.05227   100%  32.7  455s
 208523 66847    2.41605   41   46   91.15300    0.05256   100%  32.4  460s
 211744 67996    0.07315   60   29   91.15300    0.05277   100%  32.3  465s
 214960 69219   57.05879   54   30   91.15300    0.05294   100%  32.2  470s
 217332 70769    0.05935   72   34   91.15300    0.05303   100%  32.2  476s
 220391 72229    0.05999   47   89   91.15300    0.05317   100%  32.1  482s
 223448 72452 infeasible   56        91.15300    0.05326   100%  31.9  485s
 225332 72874    0.08598   56   67   91.15300    0.05341   100%  32.0  491s
 226848 74129    0.09625   65   26   91.15300    0.05351   100%  32.0  495s
 231852 75056 infeasible   89        91.15300    0.05358   100%  31.7  500s
 235140 76165    0.08302   57   35   91.15300    0.05380   100%  31.7  505s
 236512 78062    0.07126   79   26   91.15300    0.05385   100%  31.7  512s
 241136 78386   37.10300   34   15   91.15300    0.05400   100%  31.5  515s
 244371 79478 infeasible   72        91.15300    0.05411   100%  31.4  520s
 250137 81385 infeasible   50        91.15300    0.05432   100%  31.3  525s
 254178 84435    0.09129   54   17   91.15300    0.05451   100%  31.2  530s
 259513 84842 infeasible   80        91.15300    0.05467   100%  31.0  535s
 263402 86294    3.95564   45   50   91.15300    0.05482   100%  30.9  540s
 265263 86812    0.05571   69   35   91.15300    0.05489   100%  30.9  545s
 268918 88202 infeasible   47        91.15300    0.05500   100%  30.8  550s
 270416 90379    0.06583   63   34   91.15300    0.05503   100%  30.8  556s
 275923 90749   84.08982   39   14   91.15300    0.05520   100%  30.6  560s
 279433 91818 infeasible   42        91.15300    0.05533   100%  30.5  565s
 283057 93545 infeasible   56        91.15300    0.05544   100%  30.4  570s
 285793 94597    0.05867   63   29   91.15300    0.05552   100%  30.3  575s
 291306 96747    0.13568   67   15   91.15300    0.05564   100%  30.1  580s
 293324 97528    0.11752   67   28   91.15300    0.05572   100%  30.1  585s
 294039 97567    0.11752   72   33   91.15300    0.05573   100%  30.1  590s
 295490 98355    0.07760   45   67   91.15300    0.05579   100%  30.1  595s
 297764 98955    0.06427   69   38   91.15300    0.05589   100%  30.2  600s

Cutting planes:
  Learned: 7
  Gomory: 2
  Cover: 2
  Implied bound: 104
  Projected implied bound: 9
  Clique: 9
  MIR: 38
  Flow cover: 141
  Zero half: 2
  RLT: 22
  Relax-and-lift: 144
  PSD: 4

Explored 298018 nodes (9003529 simplex iterations) in 600.10 seconds (414.91 work units)
Thread count was 16 (of 16 available processors)

Solution count 10: 91.153 93.17 94.151 ... 103.38

Time limit reached
Best objective 9.115300000000e+01, best bound 5.589866777684e-02, gap 99.9387%
