
Gurobi 12.0.0 (win64) logging started Mon May  4 22:51:15 2026

Set parameter LogFile to value "C:\Users\Asus\Documents\GitHub\logistics-model2\internal-logistics-model2\results\MR_MV_WT\case1\result_MR_MV_WT_case1_P12_R3_eps9999_2026_05_04_22_51.log"
Gurobi Optimizer version 12.0.0 build v12.0.0rc1 (win64 - Windows 10.0 (19045.2))

CPU model: 12th Gen Intel(R) Core(TM) i7-12650H, instruction set [SSE2|AVX|AVX2]
Thread count: 10 physical cores, 16 logical processors, using up to 16 threads

Non-default parameters:
TimeLimit  600
MIPGap  0.01
Presolve  2

Optimize a model with 35017 rows, 10137 columns and 180345 nonzeros
Model fingerprint: 0x976b8219
Variable types: 1389 continuous, 8748 integer (8478 binary)
Coefficient statistics:
  Matrix range     [1e+00, 5e+02]
  Objective range  [1e-03, 1e+00]
  Bounds range     [1e+00, 3e+01]
  RHS range        [1e+00, 1e+04]
Presolve removed 12411 rows and 3609 columns
Presolve time: 2.43s
Presolved: 22606 rows, 6528 columns, 156487 nonzeros
Variable types: 903 continuous, 5625 integer (5409 binary)
Root relaxation presolve removed 69 rows and 0 columns
Root relaxation presolved: 22537 rows, 6588 columns, 156142 nonzeros


Root relaxation: objective 0.000000e+00, 1124 iterations, 0.19 seconds (0.43 work units)

    Nodes    |    Current Node    |     Objective Bounds      |     Work
 Expl Unexpl |  Obj  Depth IntInf | Incumbent    BestBd   Gap | It/Node Time

     0     0    0.00000    0  178          -    0.00000      -     -    3s
     0     0    0.00000    0  222          -    0.00000      -     -    4s
     0     0    0.00000    0  181          -    0.00000      -     -    4s
H    0     0                     622.2600000    0.00000   100%     -    6s
H    0     0                     599.2520000    0.00000   100%     -    6s
H    0     0                     587.2520000    0.00000   100%     -    6s
     0     0    0.00000    0  171  587.25200    0.00000   100%     -    6s
H    0     0                     580.2520000    0.00000   100%     -    6s
     0     0    0.00000    0  170  580.25200    0.00000   100%     -    6s
H    0     0                     568.2500000    3.01823  99.5%     -    8s
     0     0    3.01823    0  165  568.25000    3.01823  99.5%     -    8s
     0     0    9.00000    0  168  568.25000    9.00000  98.4%     -    8s
H    0     0                     562.2830000    9.00000  98.4%     -    8s
H    0     0                     522.2760000    9.00000  98.3%     -    8s
H    0     0                     476.2790000    9.00000  98.1%     -    8s
H    0     0                     467.2810000    9.00000  98.1%     -    8s
H    0     0                     463.2790000    9.00000  98.1%     -    8s
     0     0    9.00000    0  163  463.27900    9.00000  98.1%     -    8s
     0     0    9.00602    0  225  463.27900    9.00602  98.1%     -    9s
     0     0   12.00602    0  228  463.27900   12.00602  97.4%     -    9s
     0     0   12.00602    0  228  463.27900   12.00602  97.4%     -   10s
     0     0   13.75000    0  291  463.27900   13.75000  97.0%     -   10s
     0     0   14.25000    0  281  463.27900   14.25000  96.9%     -   10s
     0     0   17.50000    0  273  463.27900   17.50000  96.2%     -   11s
H    0     0                     462.2860000   17.50000  96.2%     -   12s
     0     0   17.50000    0  281  462.28600   17.50000  96.2%     -   12s
     0     0   19.25000    0  314  462.28600   19.25000  95.8%     -   13s
H    0     0                     448.2720000   19.25000  95.7%     -   13s
     0     0   19.25000    0  260  448.27200   19.25000  95.7%     -   13s
H    0     0                     418.2930000   19.25000  95.4%     -   14s
H    0     0                     375.2770000   19.25000  94.9%     -   14s
H    0     0                     375.2720000   19.25000  94.9%     -   14s
     0     0   19.75000    0  278  375.27200   19.75000  94.7%     -   14s
H    0     0                     370.2670000   19.75000  94.7%     -   14s
     0     0   19.75000    0  302  370.26700   19.75000  94.7%     -   15s
H    0     0                     334.2680000   19.75000  94.1%     -   16s
     0     0   19.75000    0  301  334.26800   19.75000  94.1%     -   16s
     0     0   19.75000    0  332  334.26800   19.75000  94.1%     -   16s
H    0     0                     316.2680000   19.75296  93.8%     -   20s
H    0     0                     313.2680000   19.75296  93.7%     -   20s
H    0     0                     280.2630000   19.75296  93.0%     -   20s
     0     0   19.75296    0  227  280.26300   19.75296  93.0%     -   21s
     0     0   19.75296    0  228  280.26300   19.75296  93.0%     -   23s
     0     0   20.75000    0  216  280.26300   20.75000  92.6%     -   24s
     0     0   23.00000    0  198  280.26300   23.00000  91.8%     -   24s
     0     0   23.00000    0  198  280.26300   23.00000  91.8%     -   24s
     0     0   23.00308    0  300  280.26300   23.00308  91.8%     -   24s
     0     0   23.42857    0  312  280.26300   23.42857  91.6%     -   26s
     0     0   23.42857    0  317  280.26300   23.42857  91.6%     -   26s
     0     0   23.43088    0  420  280.26300   23.43088  91.6%     -   28s
     0     0   23.43088    0  394  280.26300   23.43088  91.6%     -   28s
     0     0   23.60504    0  408  280.26300   23.60504  91.6%     -   29s
     0     0   23.60504    0  401  280.26300   23.60504  91.6%     -   29s
     0     0   23.60504    0  376  280.26300   23.60504  91.6%     -   31s
     0     0   23.80357    0  378  280.26300   23.80357  91.5%     -   31s
     0     0   23.80357    0  290  280.26300   23.80357  91.5%     -   34s
     0     0   23.80357    0  311  280.26300   23.80357  91.5%     -   34s
     0     0   23.80357    0  338  280.26300   23.80357  91.5%     -   35s
     0     0   23.80357    0  362  280.26300   23.80357  91.5%     -   35s
     0     0   23.80357    0  295  280.26300   23.80357  91.5%     -   38s
     0     0   23.83333    0  295  280.26300   23.83333  91.5%     -   38s
     0     2   23.83333    0  259  280.26300   23.83333  91.5%     -   40s
H   72    84                     280.2560000   25.21190  91.0%   438   42s
   202   213   29.75000   18  191  280.25600   25.21190  91.0%   285   45s
H  206   213                     274.2500000   25.21190  90.8%   283   45s
H  348   351                     269.2500000   25.21190  90.6%   227   49s
   475   501   33.00824   33  103  269.25000   25.21190  90.6%   188   50s
  1337  1229   30.05885   16  276  269.25000   25.81910  90.4%   130   55s
H 1435  1242                     251.2570000   25.81910  89.7%   129   56s
H 1438  1233                     234.2370000   25.81910  89.0%   129   56s
  1892  1559   30.20669   24  295  234.23700   25.82690  89.0%   114   61s
  1895  1561   42.81351   42  185  234.23700   25.82690  89.0%   114   66s
H 1897  1483                     232.2350000   25.82690  88.9%   113   69s
H 1897  1409                     222.2260000   25.82690  88.4%   113   69s
  1899  1411   36.93879   42  542  222.22600   25.82690  88.4%   113   70s
  1901  1412   36.97397   35  347  222.22600   27.51158  87.6%   113   77s
H 1902  1342                     220.2320000   27.51158  87.5%   113   79s
H 1902  1275                     214.2290000   27.51158  87.2%   113   79s
  1904  1276   40.50000   23  307  214.22900   28.84244  86.5%   113   85s
H 1907  1214                     211.2290000   31.24052  85.2%   113   94s
  1909  1215   36.00944   45  481  211.22900   31.32508  85.2%   113   96s
H 1911  1156                     205.2260000   33.80014  83.5%   113  106s
  1915  1158   58.04403   39  157  205.22600   34.95833  83.0%   112  120s
H 1915  1099                     193.2260000   34.95833  81.9%   112  120s
  1917  1101   84.55775   31  158  193.22600   34.97833  81.9%   112  128s
  1918  1101   84.09201   47  254  193.22600   34.97833  81.9%   112  130s
  1919  1102   62.18098   22  155  193.22600   34.97833  81.9%   112  137s
  1921  1103   35.26471   17  186  193.22600   35.26471  81.7%   112  146s
  1923  1105   35.47137   30  343  193.22600   35.47137  81.6%   112  153s
  1924  1105  160.14700   69  442  193.22600   35.49454  81.6%   112  155s
  1926  1107   36.00000   23  162  193.22600   36.00000  81.4%   112  164s
  1927  1107  193.22600   87  249  193.22600   36.00000  81.4%   112  166s
H 1927  1051                     175.2210000   36.00000  79.5%   112  169s
H 1927   998                     167.2130000   36.00000  78.5%   112  169s
  1928   999   36.00000   30  140  167.21300   36.00000  78.5%   112  172s
  1930  1000   36.00000   29  151  167.21300   36.00000  78.5%   111  176s
  1932  1002   44.00000   43  112  167.21300   36.00000  78.5%   111  183s
  1934  1003   56.22045   18  197  167.21300   36.00000  78.5%   111  190s
  1936  1004   36.00000   23  166  167.21300   36.00000  78.5%   111  197s
  1939  1008   36.01633   37  295  167.21300   36.00000  78.5%   279  204s
  1941  1009   49.41558   14  167  167.21300   36.00000  78.5%   278  208s
  1942  1010  167.21300   68  134  167.21300   36.00000  78.5%   278  212s
  1944  1011   36.00928   34  163  167.21300   36.00928  78.5%   278  220s
  1946  1013   37.77327    6  146  167.21300   36.00928  78.5%   278  233s
  1947  1013  118.14000   64  255  167.21300   36.01000  78.5%   277  235s
  1948  1014   36.01002    9  205  167.21300   36.01002  78.5%   277  243s
  1949  1015   36.01002   20  205  167.21300   36.01002  78.5%   277  245s
  1950  1015   36.01002   19  236  167.21300   36.01002  78.5%   277  255s
  1952  1017   36.01333   24  218  167.21300   36.01333  78.5%   277  270s
  1953  1017   36.01421   21  436  167.21300   36.01421  78.5%   277  276s
H 1953   965                     159.2080000   36.01650  77.4%   277  287s
  1955   967   76.14047   57  181  159.20800   36.01750  77.4%   276  292s
  1957   971   36.02000   31  237  159.20800   36.02000  77.4%   364  310s
  1959   974   36.02000   32  207  159.20800   36.02000  77.4%   369  315s
  1971   988   36.02867   34  190  159.20800   36.02424  77.4%   385  323s
  1981  1003   36.03253   35  291  159.20800   36.02867  77.4%   400  327s
  2013  1020   36.03890   37  218  159.20800   36.02867  77.4%   412  332s
H 2020   970                     157.2130000   36.02867  77.1%   412  332s
  2028   993   36.97394   38  313  157.21300   36.02867  77.1%   417  336s
  2079  1028   36.04332   39  255  157.21300   36.02867  77.1%   431  341s
  2130  1059   42.46942   41  188  157.21300   36.02867  77.1%   451  347s
  2181  1094   38.78179   44  184  157.21300   36.02867  77.1%   462  351s
  2231  1127   39.14553   46  197  157.21300   36.02867  77.1%   466  356s
  2296  1170   39.66488   50  126  157.21300   36.02867  77.1%   468  360s
  2398  1231   69.37001   57  114  157.21300   36.02867  77.1%   472  366s
  2472  1291   61.88047   62  105  157.21300   36.02867  77.1%   474  371s
  2551  1329   62.30661   65  116  157.21300   36.02867  77.1%   475  375s
  2627  1374   72.42901   69  123  157.21300   36.02867  77.1%   478  380s
  2711  1424   69.27507   72  100  157.21300   36.04464  77.1%   477  386s
  2800  1448   87.23099   77  139  157.21300   36.04464  77.1%   475  391s
  2820  1461  104.63904   78   78  157.21300   36.04464  77.1%   475  396s
  2840  1479   88.23099   79  126  157.21300   36.04464  77.1%   475  400s
H 2841  1431                     157.2129944   36.04464  77.1%   475  400s
  2917  1526  115.05400   85   62  157.21299   36.04464  77.1%   470  406s
  3044  1608  113.07532   92  214  157.21299   36.04464  77.1%   466  413s
  3120  1641  113.10694   96  202  157.21299   36.04464  77.1%   464  417s
  3207  1676  113.18148  102  128  157.21299   36.04501  77.1%   459  422s
  3291  1720  132.06372  111   78  157.21299   36.04501  77.1%   459  427s
  3381  1789  113.41372  123   97  157.21299   36.04501  77.1%   455  434s
  3489  1854  113.49069  136   90  157.21299   36.04501  77.1%   456  440s
  3793  2020  132.49126  167   67  157.21299   36.05315  77.1%   442  451s
  3978  2165   36.06726   42  277  157.21299   36.05315  77.1%   430  456s
  4234  2140   38.49799   44  273  157.21299   36.05315  77.1%   417  462s
  4331  2227   38.49993   45  285  157.21299   36.05315  77.1%   418  468s
  4450  2320   40.17448   48  248  157.21299   36.05315  77.1%   419  472s
  4583  2542   40.74835   51  269  157.21299   36.05315  77.1%   414  476s
  4855  2688   41.11258   56  275  157.21299   36.05315  77.1%   404  482s
  5044  2909   46.23904   58  234  157.21299   36.05315  77.1%   397  490s
  5325  2964   47.67813   61  269  157.21299   36.05315  77.1%   390  498s
  5420  3047   46.98890   65  281  157.21299   36.05315  77.1%   394  504s
  5503  3267   45.35240   67  338  157.21299   36.05315  77.1%   394  512s
  5768  3474   54.63973   72  350  157.21299   36.08358  77.0%   388  522s
  6028  3607   45.72991   75  388  157.21299   36.14484  77.0%   386  528s
  6178  3965   46.28379   86  308  157.21299   36.14484  77.0%   384  538s
  6636  4170   48.40418  114  380  157.21299   36.14484  77.0%   371  547s
  6871  4295   59.37217  171  312  157.21299   36.14484  77.0%   370  555s
  6996  4396   62.18717  190  275  157.21299   36.14484  77.0%   372  563s
  7097  4964   62.18918  191  275  157.21299   36.14484  77.0%   372  582s
  7742  5288  102.47434  277  206  157.21299   36.14484  77.0%   354  599s
  8147  5289  118.35859  380   82  157.21299   36.14484  77.0%   350  600s

Cutting planes:
  Learned: 3
  Gomory: 13
  Cover: 2
  Implied bound: 509
  Projected implied bound: 37
  Clique: 27
  MIR: 282
  Mixing: 1
  StrongCG: 4
  Flow cover: 669
  GUB cover: 1
  Inf proof: 1
  Zero half: 6
  RLT: 23
  Relax-and-lift: 604
  BQP: 18

Explored 8148 nodes (2953393 simplex iterations) in 600.11 seconds (750.53 work units)
Thread count was 16 (of 16 available processors)

Solution count 10: 157.213 157.213 159.208 ... 220.232

Time limit reached
Best objective 1.572129943614e+02, best bound 3.614484154316e+01, gap 77.0090%
