
Gurobi 12.0.0 (win64) logging started Mon May  4 23:29:13 2026

Set parameter LogFile to value "C:\Users\Asus\Documents\GitHub\logistics-model2\internal-logistics-model2\results\MR_MV_WT\case1\result_MR_MV_WT_case1_P6_R3_eps9999_2026_05_04_23_29.log"
Gurobi Optimizer version 12.0.0 build v12.0.0rc1 (win64 - Windows 10.0 (19045.2))

CPU model: 12th Gen Intel(R) Core(TM) i7-12650H, instruction set [SSE2|AVX|AVX2]
Thread count: 10 physical cores, 16 logical processors, using up to 16 threads

Non-default parameters:
TimeLimit  600
MIPGap  0.01
Presolve  2

Optimize a model with 34687 rows, 10077 columns and 175971 nonzeros
Model fingerprint: 0x58d2dbad
Variable types: 1383 continuous, 8694 integer (8424 binary)
Coefficient statistics:
  Matrix range     [1e+00, 5e+02]
  Objective range  [1e-03, 1e+00]
  Bounds range     [1e+00, 3e+01]
  RHS range        [1e+00, 1e+04]
Presolve removed 28578 rows and 8103 columns
Presolve time: 0.48s
Presolved: 6109 rows, 1974 columns, 42078 nonzeros
Variable types: 462 continuous, 1512 integer (1404 binary)
Root relaxation presolve removed 15 rows and 0 columns
Root relaxation presolved: 6094 rows, 1980 columns, 41859 nonzeros


Root relaxation: objective 0.000000e+00, 342 iterations, 0.03 seconds (0.06 work units)

    Nodes    |    Current Node    |     Objective Bounds      |     Work
 Expl Unexpl |  Obj  Depth IntInf | Incumbent    BestBd   Gap | It/Node Time

     0     0    0.00000    0   91          -    0.00000      -     -    0s
H    0     0                     225.1450000    0.00000   100%     -    0s
H    0     0                     143.1980000    0.00000   100%     -    0s
     0     0    0.00000    0   96  143.19800    0.00000   100%     -    0s
     0     0    0.00000    0  104  143.19800    0.00000   100%     -    0s
H    0     0                     143.1920000    0.00000   100%     -    0s
H    0     0                     132.1920000    0.00000   100%     -    0s
H    0     0                     129.1970000    0.00900   100%     -    1s
     0     0    3.00000    0   90  129.19700    3.00000  97.7%     -    1s
     0     0    3.00000    0   89  129.19700    3.00000  97.7%     -    1s
     0     0    3.00000    0  122  129.19700    3.00000  97.7%     -    1s
     0     0    3.00000    0  101  129.19700    3.00000  97.7%     -    1s
H    0     0                     129.1600000    3.00000  97.7%     -    1s
     0     0    3.00000    0  111  129.16000    3.00000  97.7%     -    1s
     0     0    3.00000    0  101  129.16000    3.00000  97.7%     -    1s
H    0     0                      94.2090000    3.00000  96.8%     -    1s
H    0     0                      86.1970000    3.00000  96.5%     -    1s
     0     0    3.00000    0   79   86.19700    3.00000  96.5%     -    1s
H    0     0                      72.1880000    3.00000  95.8%     -    1s
H    0     0                      58.1890000    3.00000  94.8%     -    1s
H    0     0                      57.1880000    3.00000  94.8%     -    1s
     0     0    3.00000    0  100   57.18800    3.00000  94.8%     -    1s
     0     0    3.20000    0  125   57.18800    3.20000  94.4%     -    2s
     0     0    6.15739    0  126   57.18800    6.15739  89.2%     -    2s
     0     0    7.18712    0  165   57.18800    7.18712  87.4%     -    2s
     0     0    8.50288    0  201   57.18800    8.50288  85.1%     -    2s
     0     0    8.50304    0  202   57.18800    8.50304  85.1%     -    2s
     0     0   10.00585    0  170   57.18800   10.00585  82.5%     -    2s
     0     0   11.50619    0  163   57.18800   11.50619  79.9%     -    2s
     0     0   11.50619    0  143   57.18800   11.50619  79.9%     -    2s
     0     0   16.50000    0  154   57.18800   16.50000  71.1%     -    2s
     0     0   16.50000    0  138   57.18800   16.50000  71.1%     -    2s
     0     0   16.50000    0  231   57.18800   16.50000  71.1%     -    3s
     0     0   18.00000    0   91   57.18800   18.00000  68.5%     -    3s
     0     0   18.00000    0  134   57.18800   18.00000  68.5%     -    3s
     0     0   18.00000    0   98   57.18800   18.00000  68.5%     -    4s
     0     0   18.00000    0  148   57.18800   18.00000  68.5%     -    4s
     0     0   18.00000    0  196   57.18800   18.00000  68.5%     -    4s
     0     0   18.00000    0  147   57.18800   18.00000  68.5%     -    4s
     0     0   18.00000    0   75   57.18800   18.00000  68.5%     -    4s
     0     0   18.00000    0  136   57.18800   18.00000  68.5%     -    4s
     0     0   18.00000    0  105   57.18800   18.00000  68.5%     -    5s
     0     0   18.00000    0  105   57.18800   18.00000  68.5%     -    5s
     0     2   18.00000    0   72   57.18800   18.00000  68.5%     -    6s
H   59   102                      51.1820000   18.00000  64.8%   210    7s
  2322  1168   18.00232   17   70   51.18200   18.00000  64.8%  58.1   10s
  2804  1366   21.20734   30   75   51.18200   18.00000  64.8%  57.0   16s
  2810  1370   19.00137   17  178   51.18200   18.00092  64.8%  56.9   20s
  2816  1374   18.00580   14  116   51.18200   18.00580  64.8%  56.8   25s
  2822  1378   18.43655   29  261   51.18200   18.02659  64.8%  56.7   30s
  2828  1382   18.84494   19  442   51.18200   18.84494  63.2%  56.5   36s
  2837  1388   19.24027   16  422   51.18200   19.24027  62.4%  56.4   40s
  2850  1397   19.44626   19  498   51.18200   19.36068  62.2%  56.1   45s
  2866  1407   23.50254   26  508   51.18200   19.40284  62.1%  55.8   50s
  2891  1424   29.50900   17  585   51.18200   19.42439  62.0%  55.3   55s
  2904  1434   21.20734   30  305   51.18200   19.51008  61.9%  97.4   60s
  2909  1437   36.00550   12  463   51.18200   20.96500  59.0%  97.2   65s
  2914  1440   21.63943   11  518   51.18200   21.63943  57.7%  97.1   71s
  2918  1443   29.06700   21  569   51.18200   21.75409  57.5%  96.9   75s
  2924  1447   35.10600   34  577   51.18200   21.86860  57.3%  96.7   80s
  2928  1450   21.95505   19  584   51.18200   21.95505  57.1%  96.6   85s
  2934  1454   36.36053   23  555   51.18200   22.38024  56.3%  96.4   90s
  2954  1467   49.82890   20  645   51.18200   23.57178  53.9%  95.8   95s
  2966  1476   23.58628   26  217   51.18200   23.58628  53.9%   112  100s
  2970  1479   23.58628   10  390   51.18200   23.58628  53.9%   112  105s
  2974  1482   23.58628   13  543   51.18200   23.58628  53.9%   111  111s
  2977  1484   32.79464   27  573   51.18200   23.58628  53.9%   111  116s
  2979  1485   23.58628   26  574   51.18200   23.58628  53.9%   111  120s
  2982  1487   23.92315   11  591   51.18200   23.92315  53.3%   111  125s
  2985  1489   31.64127    8  542   51.18200   24.25649  52.6%   111  130s
  2989  1492   24.39111    9  579   51.18200   24.39111  52.3%   111  135s
  2994  1495   24.46471   25  615   51.18200   24.46471  52.2%   111  140s
  3000  1499   28.09403   36  565   51.18200   24.52986  52.1%   110  145s
  3011  1509   24.58995   36  576   51.18200   24.58995  52.0%   124  150s
  3110  1568   24.58995   42  462   51.18200   24.58995  52.0%   134  155s
  3308  1583   27.12996   46  218   51.18200   24.58995  52.0%   139  160s
  3577  1623     cutoff   52        51.18200   24.58995  52.0%   147  165s
  3927  1681     cutoff   66        51.18200   24.58995  52.0%   151  170s
  4369  1708   25.79967   45  332   51.18200   24.78186  51.6%   159  175s
  5053  1681   36.86801   45   61   51.18200   26.54345  48.1%   160  180s
  5900  1656 infeasible   52        51.18200   27.51789  46.2%   158  185s
  6696  1770   30.40927   51  213   51.18200   27.98970  45.3%   155  190s
  8945  2091 infeasible   55        51.18200   29.71040  42.0%   143  195s
 11373  2680   35.86637   55  164   51.18200   31.00978  39.4%   134  201s
 13220  3162 infeasible   55        51.18200   31.91504  37.6%   127  205s
 14615  3397   42.34255   59   36   51.18200   32.38191  36.7%   122  210s
 16820  3776 infeasible   51        51.18200   32.92367  35.7%   115  215s
 20242  4122     cutoff   51        51.18200   33.86673  33.8%   106  220s
 23413  4588   38.55259   53  216   51.18200   34.99511  31.6%  99.1  225s
 27475  4551     cutoff   65        51.18200   36.04662  29.6%  91.7  231s
 30655  4533   40.98738   50   68   51.18200   36.94303  27.8%  87.7  236s
 33820  4428   40.68543   53  167   51.18200   38.02722  25.7%  84.1  241s
 36788  4408   42.22931   57  114   51.18200   38.73203  24.3%  80.3  245s
 41595  4136   43.65446   48   90   51.18200   40.08245  21.7%  74.8  250s
 46545  3576   46.35947   57   47   51.18200   41.99570  17.9%  70.5  256s
 50881  2696     cutoff   62        51.18200   43.56203  14.9%  66.8  260s
 56848   308     cutoff   61        51.18200   47.63705  6.93%  62.2  265s

Cutting planes:
  Learned: 53
  Cover: 100
  Implied bound: 256
  Projected implied bound: 27
  Clique: 37
  MIR: 263
  Mixing: 4
  StrongCG: 9
  Flow cover: 1734
  GUB cover: 11
  Inf proof: 11
  Zero half: 27
  RLT: 25
  Relax-and-lift: 554

Explored 58293 nodes (3593540 simplex iterations) in 266.41 seconds (306.82 work units)
Thread count was 16 (of 16 available processors)

Solution count 10: 51.182 51.182 57.188 ... 132.192

Optimal solution found (tolerance 1.00e-02)
Best objective 5.118200000000e+01, best bound 5.118200000000e+01, gap 0.0000%
